<?xml version="1.0" encoding="UTF-8"?>
<testsuite name="tests.LetTheCarWorkTest" tests="16" skipped="0" failures="0" errors="0" timestamp="2022-01-09T05:44:53" hostname="DESKTOP-LINCIVQ" time="101.81">
  <properties/>
  <testcase name="unsuccessfulAddCarEmptyField[0](Car(address= , make=Audi, model=A3, year=2017, engine=2.0, fuel=Petrol, gear=MT, wheelsDrive=FWD, doors=3, seats=4, carClass=C, fuelConsumption=10, carRegistrationNumber=11-222-33, price=30, distanceIncluded=500, features=null, about=null, photoPath=C:\\Qa29\\CarRental_POM\\DGT_110592_AudiNewSite_c11-1.jpg))" classname="tests.LetTheCarWorkTest" time="15.808"/>
  <testcase name="unsuccessfulAddCarEmptyField[1](Car(address=Tel Aviv Israel, make=, model=A3, year=2017, engine=2.0, fuel=Petrol, gear=MT, wheelsDrive=FWD, doors=3, seats=4, carClass=C, fuelConsumption=10, carRegistrationNumber=11-222-33, price=30, distanceIncluded=500, features=null, about=null, photoPath=C:\\Qa29\\CarRental_POM\\DGT_110592_AudiNewSite_c11-1.jpg))" classname="tests.LetTheCarWorkTest" time="5.741"/>
  <testcase name="unsuccessfulAddCarEmptyField[2](Car(address=Tel Aviv Israel, make=Audi, model=, year=2017, engine=2.0, fuel=Petrol, gear=MT, wheelsDrive=FWD, doors=3, seats=4, carClass=C, fuelConsumption=10, carRegistrationNumber=11-222-33, price=30, distanceIncluded=500, features=null, about=null, photoPath=C:\\Qa29\\CarRental_POM\\DGT_110592_AudiNewSite_c11-1.jpg))" classname="tests.LetTheCarWorkTest" time="5.814"/>
  <testcase name="unsuccessfulAddCarEmptyField[3](Car(address=Tel Aviv Israel, make=Audi, model=A3, year=, engine=2.0, fuel=Petrol, gear=MT, wheelsDrive=FWD, doors=3, seats=4, carClass=C, fuelConsumption=10, carRegistrationNumber=11-222-33, price=30, distanceIncluded=500, features=null, about=null, photoPath=C:\\Qa29\\CarRental_POM\\DGT_110592_AudiNewSite_c11-1.jpg))" classname="tests.LetTheCarWorkTest" time="5.618"/>
  <testcase name="unsuccessfulAddCarEmptyField[4](Car(address=Tel Aviv Israel, make=Audi, model=A3, year=2017, engine=, fuel=Petrol, gear=MT, wheelsDrive=FWD, doors=3, seats=4, carClass=C, fuelConsumption=10, carRegistrationNumber=11-222-33, price=30, distanceIncluded=500, features=null, about=null, photoPath=C:\\Qa29\\CarRental_POM\\DGT_110592_AudiNewSite_c11-1.jpg))" classname="tests.LetTheCarWorkTest" time="5.571"/>
  <testcase name="unsuccessfulAddCarEmptyField[5](Car(address=Tel Aviv Israel, make=Audi, model=A3, year=2017, engine=2.0, fuel=, gear=MT, wheelsDrive=FWD, doors=3, seats=4, carClass=C, fuelConsumption=10, carRegistrationNumber=11-222-33, price=30, distanceIncluded=500, features=null, about=null, photoPath=C:\\Qa29\\CarRental_POM\\DGT_110592_AudiNewSite_c11-1.jpg))" classname="tests.LetTheCarWorkTest" time="5.793"/>
  <testcase name="unsuccessfulAddCarEmptyField[6](Car(address=Tel Aviv Israel, make=Audi, model=A3, year=2017, engine=2.0, fuel=Petrol, gear=, wheelsDrive=FWD, doors=3, seats=4, carClass=C, fuelConsumption=10, carRegistrationNumber=11-222-33, price=30, distanceIncluded=500, features=null, about=null, photoPath=C:\\Qa29\\CarRental_POM\\DGT_110592_AudiNewSite_c11-1.jpg))" classname="tests.LetTheCarWorkTest" time="5.881"/>
  <testcase name="unsuccessfulAddCarEmptyField[7](Car(address=Tel Aviv Israel, make=Audi, model=A3, year=2017, engine=2.0, fuel=Petrol, gear=MT, wheelsDrive=, doors=3, seats=4, carClass=C, fuelConsumption=10, carRegistrationNumber=11-222-33, price=30, distanceIncluded=500, features=null, about=null, photoPath=C:\\Qa29\\CarRental_POM\\DGT_110592_AudiNewSite_c11-1.jpg))" classname="tests.LetTheCarWorkTest" time="5.849"/>
  <testcase name="unsuccessfulAddCarEmptyField[8](Car(address=Tel Aviv Israel, make=Audi, model=A3, year=2017, engine=2.0, fuel=Petrol, gear=MT, wheelsDrive=FWD, doors=, seats=4, carClass=C, fuelConsumption=10, carRegistrationNumber=11-222-33, price=30, distanceIncluded=500, features=null, about=null, photoPath=C:\\Qa29\\CarRental_POM\\DGT_110592_AudiNewSite_c11-1.jpg))" classname="tests.LetTheCarWorkTest" time="5.827"/>
  <testcase name="unsuccessfulAddCarEmptyField[9](Car(address=Tel Aviv Israel, make=Audi, model=A3, year=2017, engine=2.0, fuel=Petrol, gear=MT, wheelsDrive=FWD, doors=3, seats=, carClass=C, fuelConsumption=10, carRegistrationNumber=11-222-33, price=30, distanceIncluded=500, features=null, about=null, photoPath=C:\\Qa29\\CarRental_POM\\DGT_110592_AudiNewSite_c11-1.jpg))" classname="tests.LetTheCarWorkTest" time="5.692"/>
  <testcase name="unsuccessfulAddCarEmptyField[10](Car(address=Tel Aviv Israel, make=Audi, model=A3, year=2017, engine=2.0, fuel=Petrol, gear=MT, wheelsDrive=FWD, doors=3, seats=4, carClass=, fuelConsumption=10, carRegistrationNumber=11-222-33, price=30, distanceIncluded=500, features=null, about=null, photoPath=C:\\Qa29\\CarRental_POM\\DGT_110592_AudiNewSite_c11-1.jpg))" classname="tests.LetTheCarWorkTest" time="5.374"/>
  <testcase name="unsuccessfulAddCarEmptyField[11](Car(address=Tel Aviv Israel, make=Audi, model=A3, year=2017, engine=2.0, fuel=Petrol, gear=MT, wheelsDrive=FWD, doors=3, seats=4, carClass=C, fuelConsumption=, carRegistrationNumber=11-222-33, price=30, distanceIncluded=500, features=null, about=null, photoPath=C:\\Qa29\\CarRental_POM\\DGT_110592_AudiNewSite_c11-1.jpg))" classname="tests.LetTheCarWorkTest" time="5.342"/>
  <testcase name="unsuccessfulAddCarEmptyField[12](Car(address=Tel Aviv Israel, make=Audi, model=A3, year=2017, engine=2.0, fuel=Petrol, gear=MT, wheelsDrive=FWD, doors=3, seats=4, carClass=C, fuelConsumption=10, carRegistrationNumber=, price=30, distanceIncluded=500, features=null, about=null, photoPath=C:\\Qa29\\CarRental_POM\\DGT_110592_AudiNewSite_c11-1.jpg))" classname="tests.LetTheCarWorkTest" time="5.477"/>
  <testcase name="unsuccessfulAddCarEmptyField[13](Car(address=Tel Aviv Israel, make=Audi, model=A3, year=2017, engine=2.0, fuel=Petrol, gear=MT, wheelsDrive=FWD, doors=3, seats=4, carClass=C, fuelConsumption=10, carRegistrationNumber=11-222-33, price=, distanceIncluded=500, features=null, about=null, photoPath=C:\\Qa29\\CarRental_POM\\DGT_110592_AudiNewSite_c11-1.jpg))" classname="tests.LetTheCarWorkTest" time="5.443"/>
  <testcase name="unsuccessfulAddCarEmptyField[14](Car(address=Tel Aviv Israel, make=Audi, model=A3, year=2017, engine=2.0, fuel=Petrol, gear=MT, wheelsDrive=FWD, doors=3, seats=4, carClass=C, fuelConsumption=10, carRegistrationNumber=11-222-33, price=30, distanceIncluded=, features=null, about=null, photoPath=C:\\Qa29\\CarRental_POM\\DGT_110592_AudiNewSite_c11-1.jpg))" classname="tests.LetTheCarWorkTest" time="5.734"/>
  <testcase name="unsuccessfulAddCarEmptyField[15](Car(address=Tel Aviv Israel, make=Audi, model=A3, year=2017, engine=2.0, fuel=Petrol, gear=MT, wheelsDrive=FWD, doors=3, seats=4, carClass=C, fuelConsumption=10, carRegistrationNumber=11-222-33, price=30, distanceIncluded=500, features=null, about=null, photoPath=*))" classname="tests.LetTheCarWorkTest" time="6.628"/>
  <system-out><![CDATA[Car(address= , make=Audi, model=A3, year=2017, engine=2.0, fuel=Petrol, gear=MT, wheelsDrive=FWD, doors=3, seats=4, carClass=C, fuelConsumption=10, carRegistrationNumber=11-222-33, price=30, distanceIncluded=500, features=null, about=null, photoPath=C:\\Qa29\\CarRental_POM\\DGT_110592_AudiNewSite_c11-1.jpg)
17
Car(address=Tel Aviv Israel, make=, model=A3, year=2017, engine=2.0, fuel=Petrol, gear=MT, wheelsDrive=FWD, doors=3, seats=4, carClass=C, fuelConsumption=10, carRegistrationNumber=11-222-33, price=30, distanceIncluded=500, features=null, about=null, photoPath=C:\\Qa29\\CarRental_POM\\DGT_110592_AudiNewSite_c11-1.jpg)
17
Car(address=Tel Aviv Israel, make=Audi, model=, year=2017, engine=2.0, fuel=Petrol, gear=MT, wheelsDrive=FWD, doors=3, seats=4, carClass=C, fuelConsumption=10, carRegistrationNumber=11-222-33, price=30, distanceIncluded=500, features=null, about=null, photoPath=C:\\Qa29\\CarRental_POM\\DGT_110592_AudiNewSite_c11-1.jpg)
17
Car(address=Tel Aviv Israel, make=Audi, model=A3, year=, engine=2.0, fuel=Petrol, gear=MT, wheelsDrive=FWD, doors=3, seats=4, carClass=C, fuelConsumption=10, carRegistrationNumber=11-222-33, price=30, distanceIncluded=500, features=null, about=null, photoPath=C:\\Qa29\\CarRental_POM\\DGT_110592_AudiNewSite_c11-1.jpg)
17
Car(address=Tel Aviv Israel, make=Audi, model=A3, year=2017, engine=, fuel=Petrol, gear=MT, wheelsDrive=FWD, doors=3, seats=4, carClass=C, fuelConsumption=10, carRegistrationNumber=11-222-33, price=30, distanceIncluded=500, features=null, about=null, photoPath=C:\\Qa29\\CarRental_POM\\DGT_110592_AudiNewSite_c11-1.jpg)
17
Car(address=Tel Aviv Israel, make=Audi, model=A3, year=2017, engine=2.0, fuel=, gear=MT, wheelsDrive=FWD, doors=3, seats=4, carClass=C, fuelConsumption=10, carRegistrationNumber=11-222-33, price=30, distanceIncluded=500, features=null, about=null, photoPath=C:\\Qa29\\CarRental_POM\\DGT_110592_AudiNewSite_c11-1.jpg)
17
Car(address=Tel Aviv Israel, make=Audi, model=A3, year=2017, engine=2.0, fuel=Petrol, gear=, wheelsDrive=FWD, doors=3, seats=4, carClass=C, fuelConsumption=10, carRegistrationNumber=11-222-33, price=30, distanceIncluded=500, features=null, about=null, photoPath=C:\\Qa29\\CarRental_POM\\DGT_110592_AudiNewSite_c11-1.jpg)
17
Car(address=Tel Aviv Israel, make=Audi, model=A3, year=2017, engine=2.0, fuel=Petrol, gear=MT, wheelsDrive=, doors=3, seats=4, carClass=C, fuelConsumption=10, carRegistrationNumber=11-222-33, price=30, distanceIncluded=500, features=null, about=null, photoPath=C:\\Qa29\\CarRental_POM\\DGT_110592_AudiNewSite_c11-1.jpg)
17
Car(address=Tel Aviv Israel, make=Audi, model=A3, year=2017, engine=2.0, fuel=Petrol, gear=MT, wheelsDrive=FWD, doors=, seats=4, carClass=C, fuelConsumption=10, carRegistrationNumber=11-222-33, price=30, distanceIncluded=500, features=null, about=null, photoPath=C:\\Qa29\\CarRental_POM\\DGT_110592_AudiNewSite_c11-1.jpg)
17
Car(address=Tel Aviv Israel, make=Audi, model=A3, year=2017, engine=2.0, fuel=Petrol, gear=MT, wheelsDrive=FWD, doors=3, seats=, carClass=C, fuelConsumption=10, carRegistrationNumber=11-222-33, price=30, distanceIncluded=500, features=null, about=null, photoPath=C:\\Qa29\\CarRental_POM\\DGT_110592_AudiNewSite_c11-1.jpg)
17
Car(address=Tel Aviv Israel, make=Audi, model=A3, year=2017, engine=2.0, fuel=Petrol, gear=MT, wheelsDrive=FWD, doors=3, seats=4, carClass=, fuelConsumption=10, carRegistrationNumber=11-222-33, price=30, distanceIncluded=500, features=null, about=null, photoPath=C:\\Qa29\\CarRental_POM\\DGT_110592_AudiNewSite_c11-1.jpg)
17
Car(address=Tel Aviv Israel, make=Audi, model=A3, year=2017, engine=2.0, fuel=Petrol, gear=MT, wheelsDrive=FWD, doors=3, seats=4, carClass=C, fuelConsumption=, carRegistrationNumber=11-222-33, price=30, distanceIncluded=500, features=null, about=null, photoPath=C:\\Qa29\\CarRental_POM\\DGT_110592_AudiNewSite_c11-1.jpg)
17
Car(address=Tel Aviv Israel, make=Audi, model=A3, year=2017, engine=2.0, fuel=Petrol, gear=MT, wheelsDrive=FWD, doors=3, seats=4, carClass=C, fuelConsumption=10, carRegistrationNumber=, price=30, distanceIncluded=500, features=null, about=null, photoPath=C:\\Qa29\\CarRental_POM\\DGT_110592_AudiNewSite_c11-1.jpg)
17
Car(address=Tel Aviv Israel, make=Audi, model=A3, year=2017, engine=2.0, fuel=Petrol, gear=MT, wheelsDrive=FWD, doors=3, seats=4, carClass=C, fuelConsumption=10, carRegistrationNumber=11-222-33, price=, distanceIncluded=500, features=null, about=null, photoPath=C:\\Qa29\\CarRental_POM\\DGT_110592_AudiNewSite_c11-1.jpg)
17
Car(address=Tel Aviv Israel, make=Audi, model=A3, year=2017, engine=2.0, fuel=Petrol, gear=MT, wheelsDrive=FWD, doors=3, seats=4, carClass=C, fuelConsumption=10, carRegistrationNumber=11-222-33, price=30, distanceIncluded=, features=null, about=null, photoPath=C:\\Qa29\\CarRental_POM\\DGT_110592_AudiNewSite_c11-1.jpg)
17
Car(address=Tel Aviv Israel, make=Audi, model=A3, year=2017, engine=2.0, fuel=Petrol, gear=MT, wheelsDrive=FWD, doors=3, seats=4, carClass=C, fuelConsumption=10, carRegistrationNumber=11-222-33, price=30, distanceIncluded=500, features=null, about=null, photoPath=*)
17
07:44:31 [Test worker] INFO  listener.WebEventListener - Trying to find Element By: By.xpath: //a[text()=' Logout ']
07:44:41 [Test worker] INFO  listener.WebEventListener - Found Element By: By.xpath: //a[text()=' Logout ']
07:44:41 [Test worker] INFO  listener.WebEventListener - Trying to find Element By: By.xpath: //a[text()=' Logout ']
07:44:51 [Test worker] INFO  listener.WebEventListener - Found Element By: By.xpath: //a[text()=' Logout ']
false
07:44:51 [Test worker] INFO  listener.WebEventListener - Trying to find Element By: By.xpath: //a[text()=' Log in ']
07:44:51 [Test worker] INFO  listener.WebEventListener - Found Element By: By.xpath: //a[text()=' Log in ']
07:44:51 [Test worker] INFO  listener.WebEventListener - trying to click on: [[ChromeDriver: chrome on WINDOWS (d738d3c6da032203f0316543ed8f0e86)] -> xpath: //a[text()=' Log in ']]
07:44:51 [Test worker] INFO  listener.WebEventListener - Clicked on: [[ChromeDriver: chrome on WINDOWS (d738d3c6da032203f0316543ed8f0e86)] -> xpath: //a[text()=' Log in ']]
07:44:51 [Test worker] INFO  listener.WebEventListener - Trying to find Element By: By.id: email
07:44:52 [Test worker] INFO  listener.WebEventListener - Found Element By: By.id: email
07:44:52 [Test worker] INFO  listener.WebEventListener - trying to click on: [[ChromeDriver: chrome on WINDOWS (d738d3c6da032203f0316543ed8f0e86)] -> id: email]
07:44:52 [Test worker] INFO  listener.WebEventListener - Clicked on: [[ChromeDriver: chrome on WINDOWS (d738d3c6da032203f0316543ed8f0e86)] -> id: email]
07:44:52 [Test worker] INFO  listener.WebEventListener - Trying to find Element By: By.id: email
07:44:52 [Test worker] INFO  listener.WebEventListener - Found Element By: By.id: email
07:44:52 [Test worker] INFO  listener.WebEventListener - Trying to find Element By: By.id: email
07:44:52 [Test worker] INFO  listener.WebEventListener - Found Element By: By.id: email
07:44:52 [Test worker] INFO  listener.WebEventListener - Trying to find Element By: By.id: password
07:44:52 [Test worker] INFO  listener.WebEventListener - Found Element By: By.id: password
07:44:52 [Test worker] INFO  listener.WebEventListener - trying to click on: [[ChromeDriver: chrome on WINDOWS (d738d3c6da032203f0316543ed8f0e86)] -> id: password]
07:44:52 [Test worker] INFO  listener.WebEventListener - Clicked on: [[ChromeDriver: chrome on WINDOWS (d738d3c6da032203f0316543ed8f0e86)] -> id: password]
07:44:52 [Test worker] INFO  listener.WebEventListener - Trying to find Element By: By.id: password
07:44:52 [Test worker] INFO  listener.WebEventListener - Found Element By: By.id: password
07:44:52 [Test worker] INFO  listener.WebEventListener - Trying to find Element By: By.id: password
07:44:52 [Test worker] INFO  listener.WebEventListener - Found Element By: By.id: password
07:44:52 [Test worker] INFO  listener.WebEventListener - Trying to find Element By: By.cssSelector: button[type='submit']
07:44:52 [Test worker] INFO  listener.WebEventListener - Found Element By: By.cssSelector: button[type='submit']
07:44:52 [Test worker] INFO  listener.WebEventListener - trying to click on: [[ChromeDriver: chrome on WINDOWS (d738d3c6da032203f0316543ed8f0e86)] -> css selector: button[type='submit']]
07:44:52 [Test worker] INFO  listener.WebEventListener - Clicked on: [[ChromeDriver: chrome on WINDOWS (d738d3c6da032203f0316543ed8f0e86)] -> css selector: button[type='submit']]
07:44:52 [Test worker] INFO  listener.WebEventListener - Trying to find Element By: By.cssSelector: button[type='button']
07:44:53 [Test worker] INFO  listener.WebEventListener - Found Element By: By.cssSelector: button[type='button']
07:44:53 [Test worker] INFO  listener.WebEventListener - trying to click on: [[ChromeDriver: chrome on WINDOWS (d738d3c6da032203f0316543ed8f0e86)] -> css selector: button[type='button']]
07:44:53 [Test worker] INFO  listener.WebEventListener - Clicked on: [[ChromeDriver: chrome on WINDOWS (d738d3c6da032203f0316543ed8f0e86)] -> css selector: button[type='button']]
07:44:55 [Test worker] INFO  listener.WebEventListener - Trying to find Element By: By.xpath: //a[text()=' Let the car work ']
07:44:55 [Test worker] INFO  listener.WebEventListener - Found Element By: By.xpath: //a[text()=' Let the car work ']
07:44:55 [Test worker] INFO  listener.WebEventListener - trying to click on: [[ChromeDriver: chrome on WINDOWS (d738d3c6da032203f0316543ed8f0e86)] -> xpath: //a[text()=' Let the car work ']]
07:44:55 [Test worker] INFO  listener.WebEventListener - Clicked on: [[ChromeDriver: chrome on WINDOWS (d738d3c6da032203f0316543ed8f0e86)] -> xpath: //a[text()=' Let the car work ']]
Click ===============================
07:44:55 [Test worker] INFO  listener.WebEventListener - Trying to find Element By: By.id: pickUpPlace
07:44:55 [Test worker] INFO  listener.WebEventListener - Found Element By: By.id: pickUpPlace
07:44:55 [Test worker] INFO  listener.WebEventListener - trying to click on: [[ChromeDriver: chrome on WINDOWS (d738d3c6da032203f0316543ed8f0e86)] -> id: pickUpPlace]
07:44:55 [Test worker] INFO  listener.WebEventListener - Clicked on: [[ChromeDriver: chrome on WINDOWS (d738d3c6da032203f0316543ed8f0e86)] -> id: pickUpPlace]
07:44:55 [Test worker] INFO  listener.WebEventListener - Trying to find Element By: By.id: pickUpPlace
07:44:55 [Test worker] INFO  listener.WebEventListener - Found Element By: By.id: pickUpPlace
07:44:55 [Test worker] INFO  listener.WebEventListener - Trying to find Element By: By.id: pickUpPlace
07:44:55 [Test worker] INFO  listener.WebEventListener - Found Element By: By.id: pickUpPlace
07:44:55 [Test worker] INFO  listener.WebEventListener - Trying to find Element By: By.cssSelector: .pac-item
07:45:05 [Test worker] INFO  listener.WebEventListener - Found Element By: By.cssSelector: .pac-item
07:45:05 [Test worker] INFO  listener.WebEventListener - Trying to find Element By: By.id: make
07:45:05 [Test worker] INFO  listener.WebEventListener - Found Element By: By.id: make
07:45:05 [Test worker] INFO  listener.WebEventListener - trying to click on: [[ChromeDriver: chrome on WINDOWS (d738d3c6da032203f0316543ed8f0e86)] -> id: make]
07:45:06 [Test worker] INFO  listener.WebEventListener - Clicked on: [[ChromeDriver: chrome on WINDOWS (d738d3c6da032203f0316543ed8f0e86)] -> id: make]
07:45:06 [Test worker] INFO  listener.WebEventListener - Trying to find Element By: By.id: make
07:45:06 [Test worker] INFO  listener.WebEventListener - Found Element By: By.id: make
07:45:06 [Test worker] INFO  listener.WebEventListener - Trying to find Element By: By.id: make
07:45:06 [Test worker] INFO  listener.WebEventListener - Found Element By: By.id: make
07:45:06 [Test worker] INFO  listener.WebEventListener - Trying to find Element By: By.id: model
07:45:06 [Test worker] INFO  listener.WebEventListener - Found Element By: By.id: model
07:45:06 [Test worker] INFO  listener.WebEventListener - trying to click on: [[ChromeDriver: chrome on WINDOWS (d738d3c6da032203f0316543ed8f0e86)] -> id: model]
07:45:06 [Test worker] INFO  listener.WebEventListener - Clicked on: [[ChromeDriver: chrome on WINDOWS (d738d3c6da032203f0316543ed8f0e86)] -> id: model]
07:45:06 [Test worker] INFO  listener.WebEventListener - Trying to find Element By: By.id: model
07:45:06 [Test worker] INFO  listener.WebEventListener - Found Element By: By.id: model
07:45:06 [Test worker] INFO  listener.WebEventListener - Trying to find Element By: By.id: model
07:45:06 [Test worker] INFO  listener.WebEventListener - Found Element By: By.id: model
07:45:06 [Test worker] INFO  listener.WebEventListener - Trying to find Element By: By.id: year
07:45:06 [Test worker] INFO  listener.WebEventListener - Found Element By: By.id: year
07:45:06 [Test worker] INFO  listener.WebEventListener - trying to click on: [[ChromeDriver: chrome on WINDOWS (d738d3c6da032203f0316543ed8f0e86)] -> id: year]
07:45:06 [Test worker] INFO  listener.WebEventListener - Clicked on: [[ChromeDriver: chrome on WINDOWS (d738d3c6da032203f0316543ed8f0e86)] -> id: year]
07:45:06 [Test worker] INFO  listener.WebEventListener - Trying to find Element By: By.id: year
07:45:06 [Test worker] INFO  listener.WebEventListener - Found Element By: By.id: year
07:45:06 [Test worker] INFO  listener.WebEventListener - Trying to find Element By: By.id: year
07:45:06 [Test worker] INFO  listener.WebEventListener - Found Element By: By.id: year
07:45:06 [Test worker] INFO  listener.WebEventListener - Trying to find Element By: By.id: engine
07:45:06 [Test worker] INFO  listener.WebEventListener - Found Element By: By.id: engine
07:45:06 [Test worker] INFO  listener.WebEventListener - trying to click on: [[ChromeDriver: chrome on WINDOWS (d738d3c6da032203f0316543ed8f0e86)] -> id: engine]
07:45:06 [Test worker] INFO  listener.WebEventListener - Clicked on: [[ChromeDriver: chrome on WINDOWS (d738d3c6da032203f0316543ed8f0e86)] -> id: engine]
07:45:06 [Test worker] INFO  listener.WebEventListener - Trying to find Element By: By.id: engine
07:45:06 [Test worker] INFO  listener.WebEventListener - Found Element By: By.id: engine
07:45:06 [Test worker] INFO  listener.WebEventListener - Trying to find Element By: By.id: engine
07:45:06 [Test worker] INFO  listener.WebEventListener - Found Element By: By.id: engine
07:45:06 [Test worker] INFO  listener.WebEventListener - Trying to find Element By: By.id: fuel
07:45:06 [Test worker] INFO  listener.WebEventListener - Found Element By: By.id: fuel
07:45:06 [Test worker] INFO  listener.WebEventListener - Trying to find Element By: By.xpath: .//option[normalize-space(.) = "Petrol"]
07:45:06 [Test worker] INFO  listener.WebEventListener - Found Element By: By.xpath: .//option[normalize-space(.) = "Petrol"]
07:45:06 [Test worker] INFO  listener.WebEventListener - trying to click on: [[[[ChromeDriver: chrome on WINDOWS (d738d3c6da032203f0316543ed8f0e86)] -> id: fuel]] -> xpath: .//option[normalize-space(.) = "Petrol"]]
07:45:07 [Test worker] INFO  listener.WebEventListener - Clicked on: [[[[ChromeDriver: chrome on WINDOWS (d738d3c6da032203f0316543ed8f0e86)] -> id: fuel]] -> xpath: .//option[normalize-space(.) = "Petrol"]]
07:45:07 [Test worker] INFO  listener.WebEventListener - Trying to find Element By: By.id: gear
07:45:07 [Test worker] INFO  listener.WebEventListener - Found Element By: By.id: gear
07:45:07 [Test worker] INFO  listener.WebEventListener - Trying to find Element By: By.xpath: .//option[normalize-space(.) = "MT"]
07:45:07 [Test worker] INFO  listener.WebEventListener - Found Element By: By.xpath: .//option[normalize-space(.) = "MT"]
07:45:07 [Test worker] INFO  listener.WebEventListener - trying to click on: [[[[ChromeDriver: chrome on WINDOWS (d738d3c6da032203f0316543ed8f0e86)] -> id: gear]] -> xpath: .//option[normalize-space(.) = "MT"]]
07:45:07 [Test worker] INFO  listener.WebEventListener - Clicked on: [[[[ChromeDriver: chrome on WINDOWS (d738d3c6da032203f0316543ed8f0e86)] -> id: gear]] -> xpath: .//option[normalize-space(.) = "MT"]]
07:45:07 [Test worker] INFO  listener.WebEventListener - Trying to find Element By: By.id: wheelsDrive
07:45:07 [Test worker] INFO  listener.WebEventListener - Found Element By: By.id: wheelsDrive
07:45:07 [Test worker] INFO  listener.WebEventListener - Trying to find Element By: By.xpath: .//option[normalize-space(.) = "FWD"]
07:45:07 [Test worker] INFO  listener.WebEventListener - Found Element By: By.xpath: .//option[normalize-space(.) = "FWD"]
07:45:07 [Test worker] INFO  listener.WebEventListener - trying to click on: [[[[ChromeDriver: chrome on WINDOWS (d738d3c6da032203f0316543ed8f0e86)] -> id: wheelsDrive]] -> xpath: .//option[normalize-space(.) = "FWD"]]
07:45:07 [Test worker] INFO  listener.WebEventListener - Clicked on: [[[[ChromeDriver: chrome on WINDOWS (d738d3c6da032203f0316543ed8f0e86)] -> id: wheelsDrive]] -> xpath: .//option[normalize-space(.) = "FWD"]]
07:45:07 [Test worker] INFO  listener.WebEventListener - Trying to find Element By: By.id: doors
07:45:07 [Test worker] INFO  listener.WebEventListener - Found Element By: By.id: doors
07:45:07 [Test worker] INFO  listener.WebEventListener - trying to click on: [[ChromeDriver: chrome on WINDOWS (d738d3c6da032203f0316543ed8f0e86)] -> id: doors]
07:45:07 [Test worker] INFO  listener.WebEventListener - Clicked on: [[ChromeDriver: chrome on WINDOWS (d738d3c6da032203f0316543ed8f0e86)] -> id: doors]
07:45:07 [Test worker] INFO  listener.WebEventListener - Trying to find Element By: By.id: doors
07:45:07 [Test worker] INFO  listener.WebEventListener - Found Element By: By.id: doors
07:45:07 [Test worker] INFO  listener.WebEventListener - Trying to find Element By: By.id: doors
07:45:07 [Test worker] INFO  listener.WebEventListener - Found Element By: By.id: doors
07:45:07 [Test worker] INFO  listener.WebEventListener - Trying to find Element By: By.id: seats
07:45:07 [Test worker] INFO  listener.WebEventListener - Found Element By: By.id: seats
07:45:07 [Test worker] INFO  listener.WebEventListener - trying to click on: [[ChromeDriver: chrome on WINDOWS (d738d3c6da032203f0316543ed8f0e86)] -> id: seats]
07:45:07 [Test worker] INFO  listener.WebEventListener - Clicked on: [[ChromeDriver: chrome on WINDOWS (d738d3c6da032203f0316543ed8f0e86)] -> id: seats]
07:45:07 [Test worker] INFO  listener.WebEventListener - Trying to find Element By: By.id: seats
07:45:07 [Test worker] INFO  listener.WebEventListener - Found Element By: By.id: seats
07:45:07 [Test worker] INFO  listener.WebEventListener - Trying to find Element By: By.id: seats
07:45:07 [Test worker] INFO  listener.WebEventListener - Found Element By: By.id: seats
07:45:07 [Test worker] INFO  listener.WebEventListener - Trying to find Element By: By.id: class
07:45:07 [Test worker] INFO  listener.WebEventListener - Found Element By: By.id: class
07:45:07 [Test worker] INFO  listener.WebEventListener - trying to click on: [[ChromeDriver: chrome on WINDOWS (d738d3c6da032203f0316543ed8f0e86)] -> id: class]
07:45:07 [Test worker] INFO  listener.WebEventListener - Clicked on: [[ChromeDriver: chrome on WINDOWS (d738d3c6da032203f0316543ed8f0e86)] -> id: class]
07:45:07 [Test worker] INFO  listener.WebEventListener - Trying to find Element By: By.id: class
07:45:07 [Test worker] INFO  listener.WebEventListener - Found Element By: By.id: class
07:45:07 [Test worker] INFO  listener.WebEventListener - Trying to find Element By: By.id: class
07:45:07 [Test worker] INFO  listener.WebEventListener - Found Element By: By.id: class
07:45:07 [Test worker] INFO  listener.WebEventListener - Trying to find Element By: By.id: class
07:45:07 [Test worker] INFO  listener.WebEventListener - Found Element By: By.id: class
07:45:07 [Test worker] INFO  listener.WebEventListener - trying to click on: [[ChromeDriver: chrome on WINDOWS (d738d3c6da032203f0316543ed8f0e86)] -> id: class]
07:45:07 [Test worker] INFO  listener.WebEventListener - Clicked on: [[ChromeDriver: chrome on WINDOWS (d738d3c6da032203f0316543ed8f0e86)] -> id: class]
07:45:07 [Test worker] INFO  listener.WebEventListener - Trying to find Element By: By.id: class
07:45:07 [Test worker] INFO  listener.WebEventListener - Found Element By: By.id: class
07:45:07 [Test worker] INFO  listener.WebEventListener - Trying to find Element By: By.id: class
07:45:07 [Test worker] INFO  listener.WebEventListener - Found Element By: By.id: class
07:45:07 [Test worker] INFO  listener.WebEventListener - Trying to find Element By: By.id: fuelConsumption
07:45:07 [Test worker] INFO  listener.WebEventListener - Found Element By: By.id: fuelConsumption
07:45:07 [Test worker] INFO  listener.WebEventListener - trying to click on: [[ChromeDriver: chrome on WINDOWS (d738d3c6da032203f0316543ed8f0e86)] -> id: fuelConsumption]
07:45:07 [Test worker] INFO  listener.WebEventListener - Clicked on: [[ChromeDriver: chrome on WINDOWS (d738d3c6da032203f0316543ed8f0e86)] -> id: fuelConsumption]
07:45:07 [Test worker] INFO  listener.WebEventListener - Trying to find Element By: By.id: fuelConsumption
07:45:07 [Test worker] INFO  listener.WebEventListener - Found Element By: By.id: fuelConsumption
07:45:07 [Test worker] INFO  listener.WebEventListener - Trying to find Element By: By.id: fuelConsumption
07:45:07 [Test worker] INFO  listener.WebEventListener - Found Element By: By.id: fuelConsumption
07:45:08 [Test worker] INFO  listener.WebEventListener - Trying to find Element By: By.id: serialNumber
07:45:08 [Test worker] INFO  listener.WebEventListener - Found Element By: By.id: serialNumber
07:45:08 [Test worker] INFO  listener.WebEventListener - trying to click on: [[ChromeDriver: chrome on WINDOWS (d738d3c6da032203f0316543ed8f0e86)] -> id: serialNumber]
07:45:08 [Test worker] INFO  listener.WebEventListener - Clicked on: [[ChromeDriver: chrome on WINDOWS (d738d3c6da032203f0316543ed8f0e86)] -> id: serialNumber]
07:45:08 [Test worker] INFO  listener.WebEventListener - Trying to find Element By: By.id: serialNumber
07:45:08 [Test worker] INFO  listener.WebEventListener - Found Element By: By.id: serialNumber
07:45:08 [Test worker] INFO  listener.WebEventListener - Trying to find Element By: By.id: serialNumber
07:45:08 [Test worker] INFO  listener.WebEventListener - Found Element By: By.id: serialNumber
07:45:08 [Test worker] INFO  listener.WebEventListener - Trying to find Element By: By.id: price
07:45:08 [Test worker] INFO  listener.WebEventListener - Found Element By: By.id: price
07:45:08 [Test worker] INFO  listener.WebEventListener - trying to click on: [[ChromeDriver: chrome on WINDOWS (d738d3c6da032203f0316543ed8f0e86)] -> id: price]
07:45:08 [Test worker] INFO  listener.WebEventListener - Clicked on: [[ChromeDriver: chrome on WINDOWS (d738d3c6da032203f0316543ed8f0e86)] -> id: price]
07:45:08 [Test worker] INFO  listener.WebEventListener - Trying to find Element By: By.id: price
07:45:08 [Test worker] INFO  listener.WebEventListener - Found Element By: By.id: price
07:45:08 [Test worker] INFO  listener.WebEventListener - Trying to find Element By: By.id: price
07:45:08 [Test worker] INFO  listener.WebEventListener - Found Element By: By.id: price
07:45:08 [Test worker] INFO  listener.WebEventListener - Trying to find Element By: By.id: distance
07:45:08 [Test worker] INFO  listener.WebEventListener - Found Element By: By.id: distance
07:45:08 [Test worker] INFO  listener.WebEventListener - trying to click on: [[ChromeDriver: chrome on WINDOWS (d738d3c6da032203f0316543ed8f0e86)] -> id: distance]
07:45:08 [Test worker] INFO  listener.WebEventListener - Clicked on: [[ChromeDriver: chrome on WINDOWS (d738d3c6da032203f0316543ed8f0e86)] -> id: distance]
07:45:08 [Test worker] INFO  listener.WebEventListener - Trying to find Element By: By.id: distance
07:45:08 [Test worker] INFO  listener.WebEventListener - Found Element By: By.id: distance
07:45:08 [Test worker] INFO  listener.WebEventListener - Trying to find Element By: By.id: distance
07:45:08 [Test worker] INFO  listener.WebEventListener - Found Element By: By.id: distance
07:45:08 [Test worker] INFO  listener.WebEventListener - Trying to find Element By: By.id: photos
07:45:08 [Test worker] INFO  listener.WebEventListener - Found Element By: By.id: photos
07:45:08 [Test worker] INFO  listener.WebEventListener - Trying to find Element By: By.xpath: //div[contains(text(),Photo)]
07:45:08 [Test worker] INFO  listener.WebEventListener - Found Element By: By.xpath: //div[contains(text(),Photo)]
07:45:09 [Test worker] INFO  listener.WebEventListener - Trying to find Element By: By.xpath: //a[text()=' Logout ']
07:45:09 [Test worker] INFO  listener.WebEventListener - Found Element By: By.xpath: //a[text()=' Logout ']
07:45:11 [Test worker] INFO  listener.WebEventListener - Trying to find Element By: By.xpath: //a[text()=' Let the car work ']
07:45:11 [Test worker] INFO  listener.WebEventListener - Found Element By: By.xpath: //a[text()=' Let the car work ']
07:45:11 [Test worker] INFO  listener.WebEventListener - trying to click on: [[ChromeDriver: chrome on WINDOWS (d738d3c6da032203f0316543ed8f0e86)] -> xpath: //a[text()=' Let the car work ']]
07:45:11 [Test worker] INFO  listener.WebEventListener - Clicked on: [[ChromeDriver: chrome on WINDOWS (d738d3c6da032203f0316543ed8f0e86)] -> xpath: //a[text()=' Let the car work ']]
Click ===============================
07:45:11 [Test worker] INFO  listener.WebEventListener - Trying to find Element By: By.id: pickUpPlace
07:45:11 [Test worker] INFO  listener.WebEventListener - Found Element By: By.id: pickUpPlace
07:45:11 [Test worker] INFO  listener.WebEventListener - trying to click on: [[ChromeDriver: chrome on WINDOWS (d738d3c6da032203f0316543ed8f0e86)] -> id: pickUpPlace]
07:45:11 [Test worker] INFO  listener.WebEventListener - Clicked on: [[ChromeDriver: chrome on WINDOWS (d738d3c6da032203f0316543ed8f0e86)] -> id: pickUpPlace]
07:45:11 [Test worker] INFO  listener.WebEventListener - Trying to find Element By: By.id: pickUpPlace
07:45:11 [Test worker] INFO  listener.WebEventListener - Found Element By: By.id: pickUpPlace
07:45:11 [Test worker] INFO  listener.WebEventListener - Trying to find Element By: By.id: pickUpPlace
07:45:11 [Test worker] INFO  listener.WebEventListener - Found Element By: By.id: pickUpPlace
07:45:11 [Test worker] INFO  listener.WebEventListener - Trying to find Element By: By.cssSelector: .pac-item
07:45:12 [Test worker] INFO  listener.WebEventListener - Found Element By: By.cssSelector: .pac-item
07:45:12 [Test worker] INFO  listener.WebEventListener - Trying to find Element By: By.cssSelector: .pac-item
07:45:12 [Test worker] INFO  listener.WebEventListener - Found Element By: By.cssSelector: .pac-item
07:45:12 [Test worker] INFO  listener.WebEventListener - trying to click on: [[ChromeDriver: chrome on WINDOWS (d738d3c6da032203f0316543ed8f0e86)] -> css selector: .pac-item]
07:45:12 [Test worker] INFO  listener.WebEventListener - Clicked on: [[ChromeDriver: chrome on WINDOWS (d738d3c6da032203f0316543ed8f0e86)] -> css selector: .pac-item]
07:45:12 [Test worker] INFO  pages.BasePage - element By.cssSelector: .pac-item is present
07:45:12 [Test worker] INFO  listener.WebEventListener - Trying to find Element By: By.id: make
07:45:12 [Test worker] INFO  listener.WebEventListener - Found Element By: By.id: make
07:45:12 [Test worker] INFO  listener.WebEventListener - trying to click on: [[ChromeDriver: chrome on WINDOWS (d738d3c6da032203f0316543ed8f0e86)] -> id: make]
07:45:12 [Test worker] INFO  listener.WebEventListener - Clicked on: [[ChromeDriver: chrome on WINDOWS (d738d3c6da032203f0316543ed8f0e86)] -> id: make]
07:45:12 [Test worker] INFO  listener.WebEventListener - Trying to find Element By: By.id: make
07:45:12 [Test worker] INFO  listener.WebEventListener - Found Element By: By.id: make
07:45:12 [Test worker] INFO  listener.WebEventListener - Trying to find Element By: By.id: make
07:45:12 [Test worker] INFO  listener.WebEventListener - Found Element By: By.id: make
07:45:12 [Test worker] INFO  listener.WebEventListener - Trying to find Element By: By.id: model
07:45:12 [Test worker] INFO  listener.WebEventListener - Found Element By: By.id: model
07:45:12 [Test worker] INFO  listener.WebEventListener - trying to click on: [[ChromeDriver: chrome on WINDOWS (d738d3c6da032203f0316543ed8f0e86)] -> id: model]
07:45:12 [Test worker] INFO  listener.WebEventListener - Clicked on: [[ChromeDriver: chrome on WINDOWS (d738d3c6da032203f0316543ed8f0e86)] -> id: model]
07:45:12 [Test worker] INFO  listener.WebEventListener - Trying to find Element By: By.id: model
07:45:12 [Test worker] INFO  listener.WebEventListener - Found Element By: By.id: model
07:45:12 [Test worker] INFO  listener.WebEventListener - Trying to find Element By: By.id: model
07:45:12 [Test worker] INFO  listener.WebEventListener - Found Element By: By.id: model
07:45:12 [Test worker] INFO  listener.WebEventListener - Trying to find Element By: By.id: year
07:45:12 [Test worker] INFO  listener.WebEventListener - Found Element By: By.id: year
07:45:12 [Test worker] INFO  listener.WebEventListener - trying to click on: [[ChromeDriver: chrome on WINDOWS (d738d3c6da032203f0316543ed8f0e86)] -> id: year]
07:45:12 [Test worker] INFO  listener.WebEventListener - Clicked on: [[ChromeDriver: chrome on WINDOWS (d738d3c6da032203f0316543ed8f0e86)] -> id: year]
07:45:12 [Test worker] INFO  listener.WebEventListener - Trying to find Element By: By.id: year
07:45:12 [Test worker] INFO  listener.WebEventListener - Found Element By: By.id: year
07:45:12 [Test worker] INFO  listener.WebEventListener - Trying to find Element By: By.id: year
07:45:12 [Test worker] INFO  listener.WebEventListener - Found Element By: By.id: year
07:45:12 [Test worker] INFO  listener.WebEventListener - Trying to find Element By: By.id: engine
07:45:12 [Test worker] INFO  listener.WebEventListener - Found Element By: By.id: engine
07:45:12 [Test worker] INFO  listener.WebEventListener - trying to click on: [[ChromeDriver: chrome on WINDOWS (d738d3c6da032203f0316543ed8f0e86)] -> id: engine]
07:45:12 [Test worker] INFO  listener.WebEventListener - Clicked on: [[ChromeDriver: chrome on WINDOWS (d738d3c6da032203f0316543ed8f0e86)] -> id: engine]
07:45:12 [Test worker] INFO  listener.WebEventListener - Trying to find Element By: By.id: engine
07:45:12 [Test worker] INFO  listener.WebEventListener - Found Element By: By.id: engine
07:45:12 [Test worker] INFO  listener.WebEventListener - Trying to find Element By: By.id: engine
07:45:12 [Test worker] INFO  listener.WebEventListener - Found Element By: By.id: engine
07:45:12 [Test worker] INFO  listener.WebEventListener - Trying to find Element By: By.id: fuel
07:45:12 [Test worker] INFO  listener.WebEventListener - Found Element By: By.id: fuel
07:45:12 [Test worker] INFO  listener.WebEventListener - Trying to find Element By: By.xpath: .//option[normalize-space(.) = "Petrol"]
07:45:12 [Test worker] INFO  listener.WebEventListener - Found Element By: By.xpath: .//option[normalize-space(.) = "Petrol"]
07:45:12 [Test worker] INFO  listener.WebEventListener - trying to click on: [[[[ChromeDriver: chrome on WINDOWS (d738d3c6da032203f0316543ed8f0e86)] -> id: fuel]] -> xpath: .//option[normalize-space(.) = "Petrol"]]
07:45:12 [Test worker] INFO  listener.WebEventListener - Clicked on: [[[[ChromeDriver: chrome on WINDOWS (d738d3c6da032203f0316543ed8f0e86)] -> id: fuel]] -> xpath: .//option[normalize-space(.) = "Petrol"]]
07:45:12 [Test worker] INFO  listener.WebEventListener - Trying to find Element By: By.id: gear
07:45:12 [Test worker] INFO  listener.WebEventListener - Found Element By: By.id: gear
07:45:12 [Test worker] INFO  listener.WebEventListener - Trying to find Element By: By.xpath: .//option[normalize-space(.) = "MT"]
07:45:12 [Test worker] INFO  listener.WebEventListener - Found Element By: By.xpath: .//option[normalize-space(.) = "MT"]
07:45:12 [Test worker] INFO  listener.WebEventListener - trying to click on: [[[[ChromeDriver: chrome on WINDOWS (d738d3c6da032203f0316543ed8f0e86)] -> id: gear]] -> xpath: .//option[normalize-space(.) = "MT"]]
07:45:13 [Test worker] INFO  listener.WebEventListener - Clicked on: [[[[ChromeDriver: chrome on WINDOWS (d738d3c6da032203f0316543ed8f0e86)] -> id: gear]] -> xpath: .//option[normalize-space(.) = "MT"]]
07:45:13 [Test worker] INFO  listener.WebEventListener - Trying to find Element By: By.id: wheelsDrive
07:45:13 [Test worker] INFO  listener.WebEventListener - Found Element By: By.id: wheelsDrive
07:45:13 [Test worker] INFO  listener.WebEventListener - Trying to find Element By: By.xpath: .//option[normalize-space(.) = "FWD"]
07:45:13 [Test worker] INFO  listener.WebEventListener - Found Element By: By.xpath: .//option[normalize-space(.) = "FWD"]
07:45:13 [Test worker] INFO  listener.WebEventListener - trying to click on: [[[[ChromeDriver: chrome on WINDOWS (d738d3c6da032203f0316543ed8f0e86)] -> id: wheelsDrive]] -> xpath: .//option[normalize-space(.) = "FWD"]]
07:45:13 [Test worker] INFO  listener.WebEventListener - Clicked on: [[[[ChromeDriver: chrome on WINDOWS (d738d3c6da032203f0316543ed8f0e86)] -> id: wheelsDrive]] -> xpath: .//option[normalize-space(.) = "FWD"]]
07:45:13 [Test worker] INFO  listener.WebEventListener - Trying to find Element By: By.id: doors
07:45:13 [Test worker] INFO  listener.WebEventListener - Found Element By: By.id: doors
07:45:13 [Test worker] INFO  listener.WebEventListener - trying to click on: [[ChromeDriver: chrome on WINDOWS (d738d3c6da032203f0316543ed8f0e86)] -> id: doors]
07:45:13 [Test worker] INFO  listener.WebEventListener - Clicked on: [[ChromeDriver: chrome on WINDOWS (d738d3c6da032203f0316543ed8f0e86)] -> id: doors]
07:45:13 [Test worker] INFO  listener.WebEventListener - Trying to find Element By: By.id: doors
07:45:13 [Test worker] INFO  listener.WebEventListener - Found Element By: By.id: doors
07:45:13 [Test worker] INFO  listener.WebEventListener - Trying to find Element By: By.id: doors
07:45:13 [Test worker] INFO  listener.WebEventListener - Found Element By: By.id: doors
07:45:13 [Test worker] INFO  listener.WebEventListener - Trying to find Element By: By.id: seats
07:45:13 [Test worker] INFO  listener.WebEventListener - Found Element By: By.id: seats
07:45:13 [Test worker] INFO  listener.WebEventListener - trying to click on: [[ChromeDriver: chrome on WINDOWS (d738d3c6da032203f0316543ed8f0e86)] -> id: seats]
07:45:13 [Test worker] INFO  listener.WebEventListener - Clicked on: [[ChromeDriver: chrome on WINDOWS (d738d3c6da032203f0316543ed8f0e86)] -> id: seats]
07:45:13 [Test worker] INFO  listener.WebEventListener - Trying to find Element By: By.id: seats
07:45:13 [Test worker] INFO  listener.WebEventListener - Found Element By: By.id: seats
07:45:13 [Test worker] INFO  listener.WebEventListener - Trying to find Element By: By.id: seats
07:45:13 [Test worker] INFO  listener.WebEventListener - Found Element By: By.id: seats
07:45:13 [Test worker] INFO  listener.WebEventListener - Trying to find Element By: By.id: class
07:45:13 [Test worker] INFO  listener.WebEventListener - Found Element By: By.id: class
07:45:13 [Test worker] INFO  listener.WebEventListener - trying to click on: [[ChromeDriver: chrome on WINDOWS (d738d3c6da032203f0316543ed8f0e86)] -> id: class]
07:45:13 [Test worker] INFO  listener.WebEventListener - Clicked on: [[ChromeDriver: chrome on WINDOWS (d738d3c6da032203f0316543ed8f0e86)] -> id: class]
07:45:13 [Test worker] INFO  listener.WebEventListener - Trying to find Element By: By.id: class
07:45:13 [Test worker] INFO  listener.WebEventListener - Found Element By: By.id: class
07:45:13 [Test worker] INFO  listener.WebEventListener - Trying to find Element By: By.id: class
07:45:13 [Test worker] INFO  listener.WebEventListener - Found Element By: By.id: class
07:45:13 [Test worker] INFO  listener.WebEventListener - Trying to find Element By: By.id: class
07:45:13 [Test worker] INFO  listener.WebEventListener - Found Element By: By.id: class
07:45:13 [Test worker] INFO  listener.WebEventListener - trying to click on: [[ChromeDriver: chrome on WINDOWS (d738d3c6da032203f0316543ed8f0e86)] -> id: class]
07:45:13 [Test worker] INFO  listener.WebEventListener - Clicked on: [[ChromeDriver: chrome on WINDOWS (d738d3c6da032203f0316543ed8f0e86)] -> id: class]
07:45:13 [Test worker] INFO  listener.WebEventListener - Trying to find Element By: By.id: class
07:45:13 [Test worker] INFO  listener.WebEventListener - Found Element By: By.id: class
07:45:13 [Test worker] INFO  listener.WebEventListener - Trying to find Element By: By.id: class
07:45:13 [Test worker] INFO  listener.WebEventListener - Found Element By: By.id: class
07:45:13 [Test worker] INFO  listener.WebEventListener - Trying to find Element By: By.id: fuelConsumption
07:45:13 [Test worker] INFO  listener.WebEventListener - Found Element By: By.id: fuelConsumption
07:45:13 [Test worker] INFO  listener.WebEventListener - trying to click on: [[ChromeDriver: chrome on WINDOWS (d738d3c6da032203f0316543ed8f0e86)] -> id: fuelConsumption]
07:45:13 [Test worker] INFO  listener.WebEventListener - Clicked on: [[ChromeDriver: chrome on WINDOWS (d738d3c6da032203f0316543ed8f0e86)] -> id: fuelConsumption]
07:45:13 [Test worker] INFO  listener.WebEventListener - Trying to find Element By: By.id: fuelConsumption
07:45:13 [Test worker] INFO  listener.WebEventListener - Found Element By: By.id: fuelConsumption
07:45:13 [Test worker] INFO  listener.WebEventListener - Trying to find Element By: By.id: fuelConsumption
07:45:13 [Test worker] INFO  listener.WebEventListener - Found Element By: By.id: fuelConsumption
07:45:13 [Test worker] INFO  listener.WebEventListener - Trying to find Element By: By.id: serialNumber
07:45:13 [Test worker] INFO  listener.WebEventListener - Found Element By: By.id: serialNumber
07:45:13 [Test worker] INFO  listener.WebEventListener - trying to click on: [[ChromeDriver: chrome on WINDOWS (d738d3c6da032203f0316543ed8f0e86)] -> id: serialNumber]
07:45:13 [Test worker] INFO  listener.WebEventListener - Clicked on: [[ChromeDriver: chrome on WINDOWS (d738d3c6da032203f0316543ed8f0e86)] -> id: serialNumber]
07:45:13 [Test worker] INFO  listener.WebEventListener - Trying to find Element By: By.id: serialNumber
07:45:13 [Test worker] INFO  listener.WebEventListener - Found Element By: By.id: serialNumber
07:45:13 [Test worker] INFO  listener.WebEventListener - Trying to find Element By: By.id: serialNumber
07:45:13 [Test worker] INFO  listener.WebEventListener - Found Element By: By.id: serialNumber
07:45:13 [Test worker] INFO  listener.WebEventListener - Trying to find Element By: By.id: price
07:45:13 [Test worker] INFO  listener.WebEventListener - Found Element By: By.id: price
07:45:13 [Test worker] INFO  listener.WebEventListener - trying to click on: [[ChromeDriver: chrome on WINDOWS (d738d3c6da032203f0316543ed8f0e86)] -> id: price]
07:45:14 [Test worker] INFO  listener.WebEventListener - Clicked on: [[ChromeDriver: chrome on WINDOWS (d738d3c6da032203f0316543ed8f0e86)] -> id: price]
07:45:14 [Test worker] INFO  listener.WebEventListener - Trying to find Element By: By.id: price
07:45:14 [Test worker] INFO  listener.WebEventListener - Found Element By: By.id: price
07:45:14 [Test worker] INFO  listener.WebEventListener - Trying to find Element By: By.id: price
07:45:14 [Test worker] INFO  listener.WebEventListener - Found Element By: By.id: price
07:45:14 [Test worker] INFO  listener.WebEventListener - Trying to find Element By: By.id: distance
07:45:14 [Test worker] INFO  listener.WebEventListener - Found Element By: By.id: distance
07:45:14 [Test worker] INFO  listener.WebEventListener - trying to click on: [[ChromeDriver: chrome on WINDOWS (d738d3c6da032203f0316543ed8f0e86)] -> id: distance]
07:45:14 [Test worker] INFO  listener.WebEventListener - Clicked on: [[ChromeDriver: chrome on WINDOWS (d738d3c6da032203f0316543ed8f0e86)] -> id: distance]
07:45:14 [Test worker] INFO  listener.WebEventListener - Trying to find Element By: By.id: distance
07:45:14 [Test worker] INFO  listener.WebEventListener - Found Element By: By.id: distance
07:45:14 [Test worker] INFO  listener.WebEventListener - Trying to find Element By: By.id: distance
07:45:14 [Test worker] INFO  listener.WebEventListener - Found Element By: By.id: distance
07:45:14 [Test worker] INFO  listener.WebEventListener - Trying to find Element By: By.id: photos
07:45:14 [Test worker] INFO  listener.WebEventListener - Found Element By: By.id: photos
07:45:14 [Test worker] INFO  listener.WebEventListener - Trying to find Element By: By.xpath: //div[contains(text(),Photo)]
07:45:14 [Test worker] INFO  listener.WebEventListener - Found Element By: By.xpath: //div[contains(text(),Photo)]
07:45:14 [Test worker] INFO  listener.WebEventListener - Trying to find Element By: By.xpath: //a[text()=' Logout ']
07:45:14 [Test worker] INFO  listener.WebEventListener - Found Element By: By.xpath: //a[text()=' Logout ']
07:45:16 [Test worker] INFO  listener.WebEventListener - Trying to find Element By: By.xpath: //a[text()=' Let the car work ']
07:45:16 [Test worker] INFO  listener.WebEventListener - Found Element By: By.xpath: //a[text()=' Let the car work ']
07:45:16 [Test worker] INFO  listener.WebEventListener - trying to click on: [[ChromeDriver: chrome on WINDOWS (d738d3c6da032203f0316543ed8f0e86)] -> xpath: //a[text()=' Let the car work ']]
07:45:17 [Test worker] INFO  listener.WebEventListener - Clicked on: [[ChromeDriver: chrome on WINDOWS (d738d3c6da032203f0316543ed8f0e86)] -> xpath: //a[text()=' Let the car work ']]
Click ===============================
07:45:17 [Test worker] INFO  listener.WebEventListener - Trying to find Element By: By.id: pickUpPlace
07:45:17 [Test worker] INFO  listener.WebEventListener - Found Element By: By.id: pickUpPlace
07:45:17 [Test worker] INFO  listener.WebEventListener - trying to click on: [[ChromeDriver: chrome on WINDOWS (d738d3c6da032203f0316543ed8f0e86)] -> id: pickUpPlace]
07:45:17 [Test worker] INFO  listener.WebEventListener - Clicked on: [[ChromeDriver: chrome on WINDOWS (d738d3c6da032203f0316543ed8f0e86)] -> id: pickUpPlace]
07:45:17 [Test worker] INFO  listener.WebEventListener - Trying to find Element By: By.id: pickUpPlace
07:45:17 [Test worker] INFO  listener.WebEventListener - Found Element By: By.id: pickUpPlace
07:45:17 [Test worker] INFO  listener.WebEventListener - Trying to find Element By: By.id: pickUpPlace
07:45:17 [Test worker] INFO  listener.WebEventListener - Found Element By: By.id: pickUpPlace
07:45:17 [Test worker] INFO  listener.WebEventListener - Trying to find Element By: By.cssSelector: .pac-item
07:45:17 [Test worker] INFO  listener.WebEventListener - Found Element By: By.cssSelector: .pac-item
07:45:17 [Test worker] INFO  listener.WebEventListener - Trying to find Element By: By.cssSelector: .pac-item
07:45:17 [Test worker] INFO  listener.WebEventListener - Found Element By: By.cssSelector: .pac-item
07:45:17 [Test worker] INFO  listener.WebEventListener - trying to click on: [[ChromeDriver: chrome on WINDOWS (d738d3c6da032203f0316543ed8f0e86)] -> css selector: .pac-item]
07:45:17 [Test worker] INFO  listener.WebEventListener - Clicked on: [[ChromeDriver: chrome on WINDOWS (d738d3c6da032203f0316543ed8f0e86)] -> css selector: .pac-item]
07:45:17 [Test worker] INFO  pages.BasePage - element By.cssSelector: .pac-item is present
07:45:17 [Test worker] INFO  listener.WebEventListener - Trying to find Element By: By.id: make
07:45:17 [Test worker] INFO  listener.WebEventListener - Found Element By: By.id: make
07:45:17 [Test worker] INFO  listener.WebEventListener - trying to click on: [[ChromeDriver: chrome on WINDOWS (d738d3c6da032203f0316543ed8f0e86)] -> id: make]
07:45:18 [Test worker] INFO  listener.WebEventListener - Clicked on: [[ChromeDriver: chrome on WINDOWS (d738d3c6da032203f0316543ed8f0e86)] -> id: make]
07:45:18 [Test worker] INFO  listener.WebEventListener - Trying to find Element By: By.id: make
07:45:18 [Test worker] INFO  listener.WebEventListener - Found Element By: By.id: make
07:45:18 [Test worker] INFO  listener.WebEventListener - Trying to find Element By: By.id: make
07:45:18 [Test worker] INFO  listener.WebEventListener - Found Element By: By.id: make
07:45:18 [Test worker] INFO  listener.WebEventListener - Trying to find Element By: By.id: model
07:45:18 [Test worker] INFO  listener.WebEventListener - Found Element By: By.id: model
07:45:18 [Test worker] INFO  listener.WebEventListener - trying to click on: [[ChromeDriver: chrome on WINDOWS (d738d3c6da032203f0316543ed8f0e86)] -> id: model]
07:45:18 [Test worker] INFO  listener.WebEventListener - Clicked on: [[ChromeDriver: chrome on WINDOWS (d738d3c6da032203f0316543ed8f0e86)] -> id: model]
07:45:18 [Test worker] INFO  listener.WebEventListener - Trying to find Element By: By.id: model
07:45:18 [Test worker] INFO  listener.WebEventListener - Found Element By: By.id: model
07:45:18 [Test worker] INFO  listener.WebEventListener - Trying to find Element By: By.id: model
07:45:18 [Test worker] INFO  listener.WebEventListener - Found Element By: By.id: model
07:45:18 [Test worker] INFO  listener.WebEventListener - Trying to find Element By: By.id: year
07:45:18 [Test worker] INFO  listener.WebEventListener - Found Element By: By.id: year
07:45:18 [Test worker] INFO  listener.WebEventListener - trying to click on: [[ChromeDriver: chrome on WINDOWS (d738d3c6da032203f0316543ed8f0e86)] -> id: year]
07:45:18 [Test worker] INFO  listener.WebEventListener - Clicked on: [[ChromeDriver: chrome on WINDOWS (d738d3c6da032203f0316543ed8f0e86)] -> id: year]
07:45:18 [Test worker] INFO  listener.WebEventListener - Trying to find Element By: By.id: year
07:45:18 [Test worker] INFO  listener.WebEventListener - Found Element By: By.id: year
07:45:18 [Test worker] INFO  listener.WebEventListener - Trying to find Element By: By.id: year
07:45:18 [Test worker] INFO  listener.WebEventListener - Found Element By: By.id: year
07:45:18 [Test worker] INFO  listener.WebEventListener - Trying to find Element By: By.id: engine
07:45:18 [Test worker] INFO  listener.WebEventListener - Found Element By: By.id: engine
07:45:18 [Test worker] INFO  listener.WebEventListener - trying to click on: [[ChromeDriver: chrome on WINDOWS (d738d3c6da032203f0316543ed8f0e86)] -> id: engine]
07:45:18 [Test worker] INFO  listener.WebEventListener - Clicked on: [[ChromeDriver: chrome on WINDOWS (d738d3c6da032203f0316543ed8f0e86)] -> id: engine]
07:45:18 [Test worker] INFO  listener.WebEventListener - Trying to find Element By: By.id: engine
07:45:18 [Test worker] INFO  listener.WebEventListener - Found Element By: By.id: engine
07:45:18 [Test worker] INFO  listener.WebEventListener - Trying to find Element By: By.id: engine
07:45:18 [Test worker] INFO  listener.WebEventListener - Found Element By: By.id: engine
07:45:18 [Test worker] INFO  listener.WebEventListener - Trying to find Element By: By.id: fuel
07:45:18 [Test worker] INFO  listener.WebEventListener - Found Element By: By.id: fuel
07:45:18 [Test worker] INFO  listener.WebEventListener - Trying to find Element By: By.xpath: .//option[normalize-space(.) = "Petrol"]
07:45:18 [Test worker] INFO  listener.WebEventListener - Found Element By: By.xpath: .//option[normalize-space(.) = "Petrol"]
07:45:18 [Test worker] INFO  listener.WebEventListener - trying to click on: [[[[ChromeDriver: chrome on WINDOWS (d738d3c6da032203f0316543ed8f0e86)] -> id: fuel]] -> xpath: .//option[normalize-space(.) = "Petrol"]]
07:45:18 [Test worker] INFO  listener.WebEventListener - Clicked on: [[[[ChromeDriver: chrome on WINDOWS (d738d3c6da032203f0316543ed8f0e86)] -> id: fuel]] -> xpath: .//option[normalize-space(.) = "Petrol"]]
07:45:18 [Test worker] INFO  listener.WebEventListener - Trying to find Element By: By.id: gear
07:45:18 [Test worker] INFO  listener.WebEventListener - Found Element By: By.id: gear
07:45:18 [Test worker] INFO  listener.WebEventListener - Trying to find Element By: By.xpath: .//option[normalize-space(.) = "MT"]
07:45:18 [Test worker] INFO  listener.WebEventListener - Found Element By: By.xpath: .//option[normalize-space(.) = "MT"]
07:45:18 [Test worker] INFO  listener.WebEventListener - trying to click on: [[[[ChromeDriver: chrome on WINDOWS (d738d3c6da032203f0316543ed8f0e86)] -> id: gear]] -> xpath: .//option[normalize-space(.) = "MT"]]
07:45:18 [Test worker] INFO  listener.WebEventListener - Clicked on: [[[[ChromeDriver: chrome on WINDOWS (d738d3c6da032203f0316543ed8f0e86)] -> id: gear]] -> xpath: .//option[normalize-space(.) = "MT"]]
07:45:18 [Test worker] INFO  listener.WebEventListener - Trying to find Element By: By.id: wheelsDrive
07:45:18 [Test worker] INFO  listener.WebEventListener - Found Element By: By.id: wheelsDrive
07:45:18 [Test worker] INFO  listener.WebEventListener - Trying to find Element By: By.xpath: .//option[normalize-space(.) = "FWD"]
07:45:18 [Test worker] INFO  listener.WebEventListener - Found Element By: By.xpath: .//option[normalize-space(.) = "FWD"]
07:45:19 [Test worker] INFO  listener.WebEventListener - trying to click on: [[[[ChromeDriver: chrome on WINDOWS (d738d3c6da032203f0316543ed8f0e86)] -> id: wheelsDrive]] -> xpath: .//option[normalize-space(.) = "FWD"]]
07:45:19 [Test worker] INFO  listener.WebEventListener - Clicked on: [[[[ChromeDriver: chrome on WINDOWS (d738d3c6da032203f0316543ed8f0e86)] -> id: wheelsDrive]] -> xpath: .//option[normalize-space(.) = "FWD"]]
07:45:19 [Test worker] INFO  listener.WebEventListener - Trying to find Element By: By.id: doors
07:45:19 [Test worker] INFO  listener.WebEventListener - Found Element By: By.id: doors
07:45:19 [Test worker] INFO  listener.WebEventListener - trying to click on: [[ChromeDriver: chrome on WINDOWS (d738d3c6da032203f0316543ed8f0e86)] -> id: doors]
07:45:19 [Test worker] INFO  listener.WebEventListener - Clicked on: [[ChromeDriver: chrome on WINDOWS (d738d3c6da032203f0316543ed8f0e86)] -> id: doors]
07:45:19 [Test worker] INFO  listener.WebEventListener - Trying to find Element By: By.id: doors
07:45:19 [Test worker] INFO  listener.WebEventListener - Found Element By: By.id: doors
07:45:19 [Test worker] INFO  listener.WebEventListener - Trying to find Element By: By.id: doors
07:45:19 [Test worker] INFO  listener.WebEventListener - Found Element By: By.id: doors
07:45:19 [Test worker] INFO  listener.WebEventListener - Trying to find Element By: By.id: seats
07:45:19 [Test worker] INFO  listener.WebEventListener - Found Element By: By.id: seats
07:45:19 [Test worker] INFO  listener.WebEventListener - trying to click on: [[ChromeDriver: chrome on WINDOWS (d738d3c6da032203f0316543ed8f0e86)] -> id: seats]
07:45:19 [Test worker] INFO  listener.WebEventListener - Clicked on: [[ChromeDriver: chrome on WINDOWS (d738d3c6da032203f0316543ed8f0e86)] -> id: seats]
07:45:19 [Test worker] INFO  listener.WebEventListener - Trying to find Element By: By.id: seats
07:45:19 [Test worker] INFO  listener.WebEventListener - Found Element By: By.id: seats
07:45:19 [Test worker] INFO  listener.WebEventListener - Trying to find Element By: By.id: seats
07:45:19 [Test worker] INFO  listener.WebEventListener - Found Element By: By.id: seats
07:45:19 [Test worker] INFO  listener.WebEventListener - Trying to find Element By: By.id: class
07:45:19 [Test worker] INFO  listener.WebEventListener - Found Element By: By.id: class
07:45:19 [Test worker] INFO  listener.WebEventListener - trying to click on: [[ChromeDriver: chrome on WINDOWS (d738d3c6da032203f0316543ed8f0e86)] -> id: class]
07:45:19 [Test worker] INFO  listener.WebEventListener - Clicked on: [[ChromeDriver: chrome on WINDOWS (d738d3c6da032203f0316543ed8f0e86)] -> id: class]
07:45:19 [Test worker] INFO  listener.WebEventListener - Trying to find Element By: By.id: class
07:45:19 [Test worker] INFO  listener.WebEventListener - Found Element By: By.id: class
07:45:19 [Test worker] INFO  listener.WebEventListener - Trying to find Element By: By.id: class
07:45:19 [Test worker] INFO  listener.WebEventListener - Found Element By: By.id: class
07:45:19 [Test worker] INFO  listener.WebEventListener - Trying to find Element By: By.id: class
07:45:19 [Test worker] INFO  listener.WebEventListener - Found Element By: By.id: class
07:45:19 [Test worker] INFO  listener.WebEventListener - trying to click on: [[ChromeDriver: chrome on WINDOWS (d738d3c6da032203f0316543ed8f0e86)] -> id: class]
07:45:19 [Test worker] INFO  listener.WebEventListener - Clicked on: [[ChromeDriver: chrome on WINDOWS (d738d3c6da032203f0316543ed8f0e86)] -> id: class]
07:45:19 [Test worker] INFO  listener.WebEventListener - Trying to find Element By: By.id: class
07:45:19 [Test worker] INFO  listener.WebEventListener - Found Element By: By.id: class
07:45:19 [Test worker] INFO  listener.WebEventListener - Trying to find Element By: By.id: class
07:45:19 [Test worker] INFO  listener.WebEventListener - Found Element By: By.id: class
07:45:19 [Test worker] INFO  listener.WebEventListener - Trying to find Element By: By.id: fuelConsumption
07:45:19 [Test worker] INFO  listener.WebEventListener - Found Element By: By.id: fuelConsumption
07:45:19 [Test worker] INFO  listener.WebEventListener - trying to click on: [[ChromeDriver: chrome on WINDOWS (d738d3c6da032203f0316543ed8f0e86)] -> id: fuelConsumption]
07:45:19 [Test worker] INFO  listener.WebEventListener - Clicked on: [[ChromeDriver: chrome on WINDOWS (d738d3c6da032203f0316543ed8f0e86)] -> id: fuelConsumption]
07:45:19 [Test worker] INFO  listener.WebEventListener - Trying to find Element By: By.id: fuelConsumption
07:45:19 [Test worker] INFO  listener.WebEventListener - Found Element By: By.id: fuelConsumption
07:45:19 [Test worker] INFO  listener.WebEventListener - Trying to find Element By: By.id: fuelConsumption
07:45:19 [Test worker] INFO  listener.WebEventListener - Found Element By: By.id: fuelConsumption
07:45:19 [Test worker] INFO  listener.WebEventListener - Trying to find Element By: By.id: serialNumber
07:45:19 [Test worker] INFO  listener.WebEventListener - Found Element By: By.id: serialNumber
07:45:19 [Test worker] INFO  listener.WebEventListener - trying to click on: [[ChromeDriver: chrome on WINDOWS (d738d3c6da032203f0316543ed8f0e86)] -> id: serialNumber]
07:45:19 [Test worker] INFO  listener.WebEventListener - Clicked on: [[ChromeDriver: chrome on WINDOWS (d738d3c6da032203f0316543ed8f0e86)] -> id: serialNumber]
07:45:19 [Test worker] INFO  listener.WebEventListener - Trying to find Element By: By.id: serialNumber
07:45:19 [Test worker] INFO  listener.WebEventListener - Found Element By: By.id: serialNumber
07:45:19 [Test worker] INFO  listener.WebEventListener - Trying to find Element By: By.id: serialNumber
07:45:19 [Test worker] INFO  listener.WebEventListener - Found Element By: By.id: serialNumber
07:45:19 [Test worker] INFO  listener.WebEventListener - Trying to find Element By: By.id: price
07:45:19 [Test worker] INFO  listener.WebEventListener - Found Element By: By.id: price
07:45:19 [Test worker] INFO  listener.WebEventListener - trying to click on: [[ChromeDriver: chrome on WINDOWS (d738d3c6da032203f0316543ed8f0e86)] -> id: price]
07:45:20 [Test worker] INFO  listener.WebEventListener - Clicked on: [[ChromeDriver: chrome on WINDOWS (d738d3c6da032203f0316543ed8f0e86)] -> id: price]
07:45:20 [Test worker] INFO  listener.WebEventListener - Trying to find Element By: By.id: price
07:45:20 [Test worker] INFO  listener.WebEventListener - Found Element By: By.id: price
07:45:20 [Test worker] INFO  listener.WebEventListener - Trying to find Element By: By.id: price
07:45:20 [Test worker] INFO  listener.WebEventListener - Found Element By: By.id: price
07:45:20 [Test worker] INFO  listener.WebEventListener - Trying to find Element By: By.id: distance
07:45:20 [Test worker] INFO  listener.WebEventListener - Found Element By: By.id: distance
07:45:20 [Test worker] INFO  listener.WebEventListener - trying to click on: [[ChromeDriver: chrome on WINDOWS (d738d3c6da032203f0316543ed8f0e86)] -> id: distance]
07:45:20 [Test worker] INFO  listener.WebEventListener - Clicked on: [[ChromeDriver: chrome on WINDOWS (d738d3c6da032203f0316543ed8f0e86)] -> id: distance]
07:45:20 [Test worker] INFO  listener.WebEventListener - Trying to find Element By: By.id: distance
07:45:20 [Test worker] INFO  listener.WebEventListener - Found Element By: By.id: distance
07:45:20 [Test worker] INFO  listener.WebEventListener - Trying to find Element By: By.id: distance
07:45:20 [Test worker] INFO  listener.WebEventListener - Found Element By: By.id: distance
07:45:20 [Test worker] INFO  listener.WebEventListener - Trying to find Element By: By.id: photos
07:45:20 [Test worker] INFO  listener.WebEventListener - Found Element By: By.id: photos
07:45:20 [Test worker] INFO  listener.WebEventListener - Trying to find Element By: By.xpath: //div[contains(text(),Photo)]
07:45:20 [Test worker] INFO  listener.WebEventListener - Found Element By: By.xpath: //div[contains(text(),Photo)]
07:45:20 [Test worker] INFO  listener.WebEventListener - Trying to find Element By: By.xpath: //a[text()=' Logout ']
07:45:20 [Test worker] INFO  listener.WebEventListener - Found Element By: By.xpath: //a[text()=' Logout ']
07:45:22 [Test worker] INFO  listener.WebEventListener - Trying to find Element By: By.xpath: //a[text()=' Let the car work ']
07:45:22 [Test worker] INFO  listener.WebEventListener - Found Element By: By.xpath: //a[text()=' Let the car work ']
07:45:22 [Test worker] INFO  listener.WebEventListener - trying to click on: [[ChromeDriver: chrome on WINDOWS (d738d3c6da032203f0316543ed8f0e86)] -> xpath: //a[text()=' Let the car work ']]
07:45:22 [Test worker] INFO  listener.WebEventListener - Clicked on: [[ChromeDriver: chrome on WINDOWS (d738d3c6da032203f0316543ed8f0e86)] -> xpath: //a[text()=' Let the car work ']]
Click ===============================
07:45:22 [Test worker] INFO  listener.WebEventListener - Trying to find Element By: By.id: pickUpPlace
07:45:22 [Test worker] INFO  listener.WebEventListener - Found Element By: By.id: pickUpPlace
07:45:22 [Test worker] INFO  listener.WebEventListener - trying to click on: [[ChromeDriver: chrome on WINDOWS (d738d3c6da032203f0316543ed8f0e86)] -> id: pickUpPlace]
07:45:23 [Test worker] INFO  listener.WebEventListener - Clicked on: [[ChromeDriver: chrome on WINDOWS (d738d3c6da032203f0316543ed8f0e86)] -> id: pickUpPlace]
07:45:23 [Test worker] INFO  listener.WebEventListener - Trying to find Element By: By.id: pickUpPlace
07:45:23 [Test worker] INFO  listener.WebEventListener - Found Element By: By.id: pickUpPlace
07:45:23 [Test worker] INFO  listener.WebEventListener - Trying to find Element By: By.id: pickUpPlace
07:45:23 [Test worker] INFO  listener.WebEventListener - Found Element By: By.id: pickUpPlace
07:45:23 [Test worker] INFO  listener.WebEventListener - Trying to find Element By: By.cssSelector: .pac-item
07:45:23 [Test worker] INFO  listener.WebEventListener - Found Element By: By.cssSelector: .pac-item
07:45:23 [Test worker] INFO  listener.WebEventListener - Trying to find Element By: By.cssSelector: .pac-item
07:45:23 [Test worker] INFO  listener.WebEventListener - Found Element By: By.cssSelector: .pac-item
07:45:23 [Test worker] INFO  listener.WebEventListener - trying to click on: [[ChromeDriver: chrome on WINDOWS (d738d3c6da032203f0316543ed8f0e86)] -> css selector: .pac-item]
07:45:23 [Test worker] INFO  listener.WebEventListener - Clicked on: [[ChromeDriver: chrome on WINDOWS (d738d3c6da032203f0316543ed8f0e86)] -> css selector: .pac-item]
07:45:23 [Test worker] INFO  pages.BasePage - element By.cssSelector: .pac-item is present
07:45:23 [Test worker] INFO  listener.WebEventListener - Trying to find Element By: By.id: make
07:45:23 [Test worker] INFO  listener.WebEventListener - Found Element By: By.id: make
07:45:23 [Test worker] INFO  listener.WebEventListener - trying to click on: [[ChromeDriver: chrome on WINDOWS (d738d3c6da032203f0316543ed8f0e86)] -> id: make]
07:45:23 [Test worker] INFO  listener.WebEventListener - Clicked on: [[ChromeDriver: chrome on WINDOWS (d738d3c6da032203f0316543ed8f0e86)] -> id: make]
07:45:23 [Test worker] INFO  listener.WebEventListener - Trying to find Element By: By.id: make
07:45:23 [Test worker] INFO  listener.WebEventListener - Found Element By: By.id: make
07:45:23 [Test worker] INFO  listener.WebEventListener - Trying to find Element By: By.id: make
07:45:23 [Test worker] INFO  listener.WebEventListener - Found Element By: By.id: make
07:45:23 [Test worker] INFO  listener.WebEventListener - Trying to find Element By: By.id: model
07:45:23 [Test worker] INFO  listener.WebEventListener - Found Element By: By.id: model
07:45:23 [Test worker] INFO  listener.WebEventListener - trying to click on: [[ChromeDriver: chrome on WINDOWS (d738d3c6da032203f0316543ed8f0e86)] -> id: model]
07:45:24 [Test worker] INFO  listener.WebEventListener - Clicked on: [[ChromeDriver: chrome on WINDOWS (d738d3c6da032203f0316543ed8f0e86)] -> id: model]
07:45:24 [Test worker] INFO  listener.WebEventListener - Trying to find Element By: By.id: model
07:45:24 [Test worker] INFO  listener.WebEventListener - Found Element By: By.id: model
07:45:24 [Test worker] INFO  listener.WebEventListener - Trying to find Element By: By.id: model
07:45:24 [Test worker] INFO  listener.WebEventListener - Found Element By: By.id: model
07:45:24 [Test worker] INFO  listener.WebEventListener - Trying to find Element By: By.id: year
07:45:24 [Test worker] INFO  listener.WebEventListener - Found Element By: By.id: year
07:45:24 [Test worker] INFO  listener.WebEventListener - trying to click on: [[ChromeDriver: chrome on WINDOWS (d738d3c6da032203f0316543ed8f0e86)] -> id: year]
07:45:24 [Test worker] INFO  listener.WebEventListener - Clicked on: [[ChromeDriver: chrome on WINDOWS (d738d3c6da032203f0316543ed8f0e86)] -> id: year]
07:45:24 [Test worker] INFO  listener.WebEventListener - Trying to find Element By: By.id: year
07:45:24 [Test worker] INFO  listener.WebEventListener - Found Element By: By.id: year
07:45:24 [Test worker] INFO  listener.WebEventListener - Trying to find Element By: By.id: year
07:45:24 [Test worker] INFO  listener.WebEventListener - Found Element By: By.id: year
07:45:24 [Test worker] INFO  listener.WebEventListener - Trying to find Element By: By.id: engine
07:45:24 [Test worker] INFO  listener.WebEventListener - Found Element By: By.id: engine
07:45:24 [Test worker] INFO  listener.WebEventListener - trying to click on: [[ChromeDriver: chrome on WINDOWS (d738d3c6da032203f0316543ed8f0e86)] -> id: engine]
07:45:24 [Test worker] INFO  listener.WebEventListener - Clicked on: [[ChromeDriver: chrome on WINDOWS (d738d3c6da032203f0316543ed8f0e86)] -> id: engine]
07:45:24 [Test worker] INFO  listener.WebEventListener - Trying to find Element By: By.id: engine
07:45:24 [Test worker] INFO  listener.WebEventListener - Found Element By: By.id: engine
07:45:24 [Test worker] INFO  listener.WebEventListener - Trying to find Element By: By.id: engine
07:45:24 [Test worker] INFO  listener.WebEventListener - Found Element By: By.id: engine
07:45:24 [Test worker] INFO  listener.WebEventListener - Trying to find Element By: By.id: fuel
07:45:24 [Test worker] INFO  listener.WebEventListener - Found Element By: By.id: fuel
07:45:24 [Test worker] INFO  listener.WebEventListener - Trying to find Element By: By.xpath: .//option[normalize-space(.) = "Petrol"]
07:45:24 [Test worker] INFO  listener.WebEventListener - Found Element By: By.xpath: .//option[normalize-space(.) = "Petrol"]
07:45:24 [Test worker] INFO  listener.WebEventListener - trying to click on: [[[[ChromeDriver: chrome on WINDOWS (d738d3c6da032203f0316543ed8f0e86)] -> id: fuel]] -> xpath: .//option[normalize-space(.) = "Petrol"]]
07:45:24 [Test worker] INFO  listener.WebEventListener - Clicked on: [[[[ChromeDriver: chrome on WINDOWS (d738d3c6da032203f0316543ed8f0e86)] -> id: fuel]] -> xpath: .//option[normalize-space(.) = "Petrol"]]
07:45:24 [Test worker] INFO  listener.WebEventListener - Trying to find Element By: By.id: gear
07:45:24 [Test worker] INFO  listener.WebEventListener - Found Element By: By.id: gear
07:45:24 [Test worker] INFO  listener.WebEventListener - Trying to find Element By: By.xpath: .//option[normalize-space(.) = "MT"]
07:45:24 [Test worker] INFO  listener.WebEventListener - Found Element By: By.xpath: .//option[normalize-space(.) = "MT"]
07:45:24 [Test worker] INFO  listener.WebEventListener - trying to click on: [[[[ChromeDriver: chrome on WINDOWS (d738d3c6da032203f0316543ed8f0e86)] -> id: gear]] -> xpath: .//option[normalize-space(.) = "MT"]]
07:45:24 [Test worker] INFO  listener.WebEventListener - Clicked on: [[[[ChromeDriver: chrome on WINDOWS (d738d3c6da032203f0316543ed8f0e86)] -> id: gear]] -> xpath: .//option[normalize-space(.) = "MT"]]
07:45:24 [Test worker] INFO  listener.WebEventListener - Trying to find Element By: By.id: wheelsDrive
07:45:24 [Test worker] INFO  listener.WebEventListener - Found Element By: By.id: wheelsDrive
07:45:24 [Test worker] INFO  listener.WebEventListener - Trying to find Element By: By.xpath: .//option[normalize-space(.) = "FWD"]
07:45:24 [Test worker] INFO  listener.WebEventListener - Found Element By: By.xpath: .//option[normalize-space(.) = "FWD"]
07:45:24 [Test worker] INFO  listener.WebEventListener - trying to click on: [[[[ChromeDriver: chrome on WINDOWS (d738d3c6da032203f0316543ed8f0e86)] -> id: wheelsDrive]] -> xpath: .//option[normalize-space(.) = "FWD"]]
07:45:24 [Test worker] INFO  listener.WebEventListener - Clicked on: [[[[ChromeDriver: chrome on WINDOWS (d738d3c6da032203f0316543ed8f0e86)] -> id: wheelsDrive]] -> xpath: .//option[normalize-space(.) = "FWD"]]
07:45:24 [Test worker] INFO  listener.WebEventListener - Trying to find Element By: By.id: doors
07:45:24 [Test worker] INFO  listener.WebEventListener - Found Element By: By.id: doors
07:45:24 [Test worker] INFO  listener.WebEventListener - trying to click on: [[ChromeDriver: chrome on WINDOWS (d738d3c6da032203f0316543ed8f0e86)] -> id: doors]
07:45:24 [Test worker] INFO  listener.WebEventListener - Clicked on: [[ChromeDriver: chrome on WINDOWS (d738d3c6da032203f0316543ed8f0e86)] -> id: doors]
07:45:24 [Test worker] INFO  listener.WebEventListener - Trying to find Element By: By.id: doors
07:45:24 [Test worker] INFO  listener.WebEventListener - Found Element By: By.id: doors
07:45:24 [Test worker] INFO  listener.WebEventListener - Trying to find Element By: By.id: doors
07:45:24 [Test worker] INFO  listener.WebEventListener - Found Element By: By.id: doors
07:45:24 [Test worker] INFO  listener.WebEventListener - Trying to find Element By: By.id: seats
07:45:24 [Test worker] INFO  listener.WebEventListener - Found Element By: By.id: seats
07:45:24 [Test worker] INFO  listener.WebEventListener - trying to click on: [[ChromeDriver: chrome on WINDOWS (d738d3c6da032203f0316543ed8f0e86)] -> id: seats]
07:45:24 [Test worker] INFO  listener.WebEventListener - Clicked on: [[ChromeDriver: chrome on WINDOWS (d738d3c6da032203f0316543ed8f0e86)] -> id: seats]
07:45:24 [Test worker] INFO  listener.WebEventListener - Trying to find Element By: By.id: seats
07:45:24 [Test worker] INFO  listener.WebEventListener - Found Element By: By.id: seats
07:45:25 [Test worker] INFO  listener.WebEventListener - Trying to find Element By: By.id: seats
07:45:25 [Test worker] INFO  listener.WebEventListener - Found Element By: By.id: seats
07:45:25 [Test worker] INFO  listener.WebEventListener - Trying to find Element By: By.id: class
07:45:25 [Test worker] INFO  listener.WebEventListener - Found Element By: By.id: class
07:45:25 [Test worker] INFO  listener.WebEventListener - trying to click on: [[ChromeDriver: chrome on WINDOWS (d738d3c6da032203f0316543ed8f0e86)] -> id: class]
07:45:25 [Test worker] INFO  listener.WebEventListener - Clicked on: [[ChromeDriver: chrome on WINDOWS (d738d3c6da032203f0316543ed8f0e86)] -> id: class]
07:45:25 [Test worker] INFO  listener.WebEventListener - Trying to find Element By: By.id: class
07:45:25 [Test worker] INFO  listener.WebEventListener - Found Element By: By.id: class
07:45:25 [Test worker] INFO  listener.WebEventListener - Trying to find Element By: By.id: class
07:45:25 [Test worker] INFO  listener.WebEventListener - Found Element By: By.id: class
07:45:25 [Test worker] INFO  listener.WebEventListener - Trying to find Element By: By.id: class
07:45:25 [Test worker] INFO  listener.WebEventListener - Found Element By: By.id: class
07:45:25 [Test worker] INFO  listener.WebEventListener - trying to click on: [[ChromeDriver: chrome on WINDOWS (d738d3c6da032203f0316543ed8f0e86)] -> id: class]
07:45:25 [Test worker] INFO  listener.WebEventListener - Clicked on: [[ChromeDriver: chrome on WINDOWS (d738d3c6da032203f0316543ed8f0e86)] -> id: class]
07:45:25 [Test worker] INFO  listener.WebEventListener - Trying to find Element By: By.id: class
07:45:25 [Test worker] INFO  listener.WebEventListener - Found Element By: By.id: class
07:45:25 [Test worker] INFO  listener.WebEventListener - Trying to find Element By: By.id: class
07:45:25 [Test worker] INFO  listener.WebEventListener - Found Element By: By.id: class
07:45:25 [Test worker] INFO  listener.WebEventListener - Trying to find Element By: By.id: fuelConsumption
07:45:25 [Test worker] INFO  listener.WebEventListener - Found Element By: By.id: fuelConsumption
07:45:25 [Test worker] INFO  listener.WebEventListener - trying to click on: [[ChromeDriver: chrome on WINDOWS (d738d3c6da032203f0316543ed8f0e86)] -> id: fuelConsumption]
07:45:25 [Test worker] INFO  listener.WebEventListener - Clicked on: [[ChromeDriver: chrome on WINDOWS (d738d3c6da032203f0316543ed8f0e86)] -> id: fuelConsumption]
07:45:25 [Test worker] INFO  listener.WebEventListener - Trying to find Element By: By.id: fuelConsumption
07:45:25 [Test worker] INFO  listener.WebEventListener - Found Element By: By.id: fuelConsumption
07:45:25 [Test worker] INFO  listener.WebEventListener - Trying to find Element By: By.id: fuelConsumption
07:45:25 [Test worker] INFO  listener.WebEventListener - Found Element By: By.id: fuelConsumption
07:45:25 [Test worker] INFO  listener.WebEventListener - Trying to find Element By: By.id: serialNumber
07:45:25 [Test worker] INFO  listener.WebEventListener - Found Element By: By.id: serialNumber
07:45:25 [Test worker] INFO  listener.WebEventListener - trying to click on: [[ChromeDriver: chrome on WINDOWS (d738d3c6da032203f0316543ed8f0e86)] -> id: serialNumber]
07:45:25 [Test worker] INFO  listener.WebEventListener - Clicked on: [[ChromeDriver: chrome on WINDOWS (d738d3c6da032203f0316543ed8f0e86)] -> id: serialNumber]
07:45:25 [Test worker] INFO  listener.WebEventListener - Trying to find Element By: By.id: serialNumber
07:45:25 [Test worker] INFO  listener.WebEventListener - Found Element By: By.id: serialNumber
07:45:25 [Test worker] INFO  listener.WebEventListener - Trying to find Element By: By.id: serialNumber
07:45:25 [Test worker] INFO  listener.WebEventListener - Found Element By: By.id: serialNumber
07:45:25 [Test worker] INFO  listener.WebEventListener - Trying to find Element By: By.id: price
07:45:25 [Test worker] INFO  listener.WebEventListener - Found Element By: By.id: price
07:45:25 [Test worker] INFO  listener.WebEventListener - trying to click on: [[ChromeDriver: chrome on WINDOWS (d738d3c6da032203f0316543ed8f0e86)] -> id: price]
07:45:25 [Test worker] INFO  listener.WebEventListener - Clicked on: [[ChromeDriver: chrome on WINDOWS (d738d3c6da032203f0316543ed8f0e86)] -> id: price]
07:45:25 [Test worker] INFO  listener.WebEventListener - Trying to find Element By: By.id: price
07:45:25 [Test worker] INFO  listener.WebEventListener - Found Element By: By.id: price
07:45:25 [Test worker] INFO  listener.WebEventListener - Trying to find Element By: By.id: price
07:45:25 [Test worker] INFO  listener.WebEventListener - Found Element By: By.id: price
07:45:25 [Test worker] INFO  listener.WebEventListener - Trying to find Element By: By.id: distance
07:45:25 [Test worker] INFO  listener.WebEventListener - Found Element By: By.id: distance
07:45:25 [Test worker] INFO  listener.WebEventListener - trying to click on: [[ChromeDriver: chrome on WINDOWS (d738d3c6da032203f0316543ed8f0e86)] -> id: distance]
07:45:25 [Test worker] INFO  listener.WebEventListener - Clicked on: [[ChromeDriver: chrome on WINDOWS (d738d3c6da032203f0316543ed8f0e86)] -> id: distance]
07:45:25 [Test worker] INFO  listener.WebEventListener - Trying to find Element By: By.id: distance
07:45:25 [Test worker] INFO  listener.WebEventListener - Found Element By: By.id: distance
07:45:25 [Test worker] INFO  listener.WebEventListener - Trying to find Element By: By.id: distance
07:45:25 [Test worker] INFO  listener.WebEventListener - Found Element By: By.id: distance
07:45:25 [Test worker] INFO  listener.WebEventListener - Trying to find Element By: By.id: photos
07:45:25 [Test worker] INFO  listener.WebEventListener - Found Element By: By.id: photos
[...]
07:46:32 [Test worker] INFO  listener.WebEventListener - Found Element By: By.id: year
07:46:32 [Test worker] INFO  listener.WebEventListener - Trying to find Element By: By.id: engine
07:46:32 [Test worker] INFO  listener.WebEventListener - Found Element By: By.id: engine
07:46:32 [Test worker] INFO  listener.WebEventListener - trying to click on: [[ChromeDriver: chrome on WINDOWS (d738d3c6da032203f0316543ed8f0e86)] -> id: engine]
07:46:32 [Test worker] INFO  listener.WebEventListener - Clicked on: [[ChromeDriver: chrome on WINDOWS (d738d3c6da032203f0316543ed8f0e86)] -> id: engine]
07:46:32 [Test worker] INFO  listener.WebEventListener - Trying to find Element By: By.id: engine
07:46:32 [Test worker] INFO  listener.WebEventListener - Found Element By: By.id: engine
07:46:32 [Test worker] INFO  listener.WebEventListener - Trying to find Element By: By.id: engine
07:46:32 [Test worker] INFO  listener.WebEventListener - Found Element By: By.id: engine
07:46:32 [Test worker] INFO  listener.WebEventListener - Trying to find Element By: By.id: fuel
07:46:32 [Test worker] INFO  listener.WebEventListener - Found Element By: By.id: fuel
07:46:32 [Test worker] INFO  listener.WebEventListener - Trying to find Element By: By.xpath: .//option[normalize-space(.) = "Petrol"]
07:46:32 [Test worker] INFO  listener.WebEventListener - Found Element By: By.xpath: .//option[normalize-space(.) = "Petrol"]
07:46:32 [Test worker] INFO  listener.WebEventListener - trying to click on: [[[[ChromeDriver: chrome on WINDOWS (d738d3c6da032203f0316543ed8f0e86)] -> id: fuel]] -> xpath: .//option[normalize-space(.) = "Petrol"]]
07:46:32 [Test worker] INFO  listener.WebEventListener - Clicked on: [[[[ChromeDriver: chrome on WINDOWS (d738d3c6da032203f0316543ed8f0e86)] -> id: fuel]] -> xpath: .//option[normalize-space(.) = "Petrol"]]
07:46:32 [Test worker] INFO  listener.WebEventListener - Trying to find Element By: By.id: gear
07:46:32 [Test worker] INFO  listener.WebEventListener - Found Element By: By.id: gear
07:46:32 [Test worker] INFO  listener.WebEventListener - Trying to find Element By: By.xpath: .//option[normalize-space(.) = "MT"]
07:46:32 [Test worker] INFO  listener.WebEventListener - Found Element By: By.xpath: .//option[normalize-space(.) = "MT"]
07:46:32 [Test worker] INFO  listener.WebEventListener - trying to click on: [[[[ChromeDriver: chrome on WINDOWS (d738d3c6da032203f0316543ed8f0e86)] -> id: gear]] -> xpath: .//option[normalize-space(.) = "MT"]]
07:46:32 [Test worker] INFO  listener.WebEventListener - Clicked on: [[[[ChromeDriver: chrome on WINDOWS (d738d3c6da032203f0316543ed8f0e86)] -> id: gear]] -> xpath: .//option[normalize-space(.) = "MT"]]
07:46:32 [Test worker] INFO  listener.WebEventListener - Trying to find Element By: By.id: wheelsDrive
07:46:32 [Test worker] INFO  listener.WebEventListener - Found Element By: By.id: wheelsDrive
07:46:32 [Test worker] INFO  listener.WebEventListener - Trying to find Element By: By.xpath: .//option[normalize-space(.) = "FWD"]
07:46:32 [Test worker] INFO  listener.WebEventListener - Found Element By: By.xpath: .//option[normalize-space(.) = "FWD"]
07:46:32 [Test worker] INFO  listener.WebEventListener - trying to click on: [[[[ChromeDriver: chrome on WINDOWS (d738d3c6da032203f0316543ed8f0e86)] -> id: wheelsDrive]] -> xpath: .//option[normalize-space(.) = "FWD"]]
07:46:33 [Test worker] INFO  listener.WebEventListener - Clicked on: [[[[ChromeDriver: chrome on WINDOWS (d738d3c6da032203f0316543ed8f0e86)] -> id: wheelsDrive]] -> xpath: .//option[normalize-space(.) = "FWD"]]
07:46:33 [Test worker] INFO  listener.WebEventListener - Trying to find Element By: By.id: doors
07:46:33 [Test worker] INFO  listener.WebEventListener - Found Element By: By.id: doors
07:46:33 [Test worker] INFO  listener.WebEventListener - trying to click on: [[ChromeDriver: chrome on WINDOWS (d738d3c6da032203f0316543ed8f0e86)] -> id: doors]
07:46:33 [Test worker] INFO  listener.WebEventListener - Clicked on: [[ChromeDriver: chrome on WINDOWS (d738d3c6da032203f0316543ed8f0e86)] -> id: doors]
07:46:33 [Test worker] INFO  listener.WebEventListener - Trying to find Element By: By.id: doors
07:46:33 [Test worker] INFO  listener.WebEventListener - Found Element By: By.id: doors
07:46:33 [Test worker] INFO  listener.WebEventListener - Trying to find Element By: By.id: doors
07:46:33 [Test worker] INFO  listener.WebEventListener - Found Element By: By.id: doors
07:46:33 [Test worker] INFO  listener.WebEventListener - Trying to find Element By: By.id: seats
07:46:33 [Test worker] INFO  listener.WebEventListener - Found Element By: By.id: seats
07:46:33 [Test worker] INFO  listener.WebEventListener - trying to click on: [[ChromeDriver: chrome on WINDOWS (d738d3c6da032203f0316543ed8f0e86)] -> id: seats]
07:46:33 [Test worker] INFO  listener.WebEventListener - Clicked on: [[ChromeDriver: chrome on WINDOWS (d738d3c6da032203f0316543ed8f0e86)] -> id: seats]
07:46:33 [Test worker] INFO  listener.WebEventListener - Trying to find Element By: By.id: seats
07:46:33 [Test worker] INFO  listener.WebEventListener - Found Element By: By.id: seats
07:46:33 [Test worker] INFO  listener.WebEventListener - Trying to find Element By: By.id: seats
07:46:33 [Test worker] INFO  listener.WebEventListener - Found Element By: By.id: seats
07:46:33 [Test worker] INFO  listener.WebEventListener - Trying to find Element By: By.id: class
07:46:33 [Test worker] INFO  listener.WebEventListener - Found Element By: By.id: class
07:46:33 [Test worker] INFO  listener.WebEventListener - trying to click on: [[ChromeDriver: chrome on WINDOWS (d738d3c6da032203f0316543ed8f0e86)] -> id: class]
07:46:33 [Test worker] INFO  listener.WebEventListener - Clicked on: [[ChromeDriver: chrome on WINDOWS (d738d3c6da032203f0316543ed8f0e86)] -> id: class]
07:46:33 [Test worker] INFO  listener.WebEventListener - Trying to find Element By: By.id: class
07:46:33 [Test worker] INFO  listener.WebEventListener - Found Element By: By.id: class
07:46:33 [Test worker] INFO  listener.WebEventListener - Trying to find Element By: By.id: class
07:46:33 [Test worker] INFO  listener.WebEventListener - Found Element By: By.id: class
07:46:33 [Test worker] INFO  listener.WebEventListener - Trying to find Element By: By.id: class
07:46:33 [Test worker] INFO  listener.WebEventListener - Found Element By: By.id: class
07:46:33 [Test worker] INFO  listener.WebEventListener - trying to click on: [[ChromeDriver: chrome on WINDOWS (d738d3c6da032203f0316543ed8f0e86)] -> id: class]
07:46:33 [Test worker] INFO  listener.WebEventListener - Clicked on: [[ChromeDriver: chrome on WINDOWS (d738d3c6da032203f0316543ed8f0e86)] -> id: class]
07:46:33 [Test worker] INFO  listener.WebEventListener - Trying to find Element By: By.id: class
07:46:33 [Test worker] INFO  listener.WebEventListener - Found Element By: By.id: class
07:46:33 [Test worker] INFO  listener.WebEventListener - Trying to find Element By: By.id: class
07:46:33 [Test worker] INFO  listener.WebEventListener - Found Element By: By.id: class
07:46:33 [Test worker] INFO  listener.WebEventListener - Trying to find Element By: By.id: fuelConsumption
07:46:33 [Test worker] INFO  listener.WebEventListener - Found Element By: By.id: fuelConsumption
07:46:33 [Test worker] INFO  listener.WebEventListener - trying to click on: [[ChromeDriver: chrome on WINDOWS (d738d3c6da032203f0316543ed8f0e86)] -> id: fuelConsumption]
07:46:33 [Test worker] INFO  listener.WebEventListener - Clicked on: [[ChromeDriver: chrome on WINDOWS (d738d3c6da032203f0316543ed8f0e86)] -> id: fuelConsumption]
07:46:33 [Test worker] INFO  listener.WebEventListener - Trying to find Element By: By.id: fuelConsumption
07:46:33 [Test worker] INFO  listener.WebEventListener - Found Element By: By.id: fuelConsumption
07:46:33 [Test worker] INFO  listener.WebEventListener - Trying to find Element By: By.id: fuelConsumption
07:46:33 [Test worker] INFO  listener.WebEventListener - Found Element By: By.id: fuelConsumption
07:46:33 [Test worker] INFO  listener.WebEventListener - Trying to find Element By: By.id: serialNumber
07:46:33 [Test worker] INFO  listener.WebEventListener - Found Element By: By.id: serialNumber
07:46:33 [Test worker] INFO  listener.WebEventListener - trying to click on: [[ChromeDriver: chrome on WINDOWS (d738d3c6da032203f0316543ed8f0e86)] -> id: serialNumber]
07:46:33 [Test worker] INFO  listener.WebEventListener - Clicked on: [[ChromeDriver: chrome on WINDOWS (d738d3c6da032203f0316543ed8f0e86)] -> id: serialNumber]
07:46:33 [Test worker] INFO  listener.WebEventListener - Trying to find Element By: By.id: serialNumber
07:46:33 [Test worker] INFO  listener.WebEventListener - Found Element By: By.id: serialNumber
07:46:33 [Test worker] INFO  listener.WebEventListener - Trying to find Element By: By.id: serialNumber
07:46:33 [Test worker] INFO  listener.WebEventListener - Found Element By: By.id: serialNumber
07:46:33 [Test worker] INFO  listener.WebEventListener - Trying to find Element By: By.id: price
07:46:33 [Test worker] INFO  listener.WebEventListener - Found Element By: By.id: price
07:46:33 [Test worker] INFO  listener.WebEventListener - trying to click on: [[ChromeDriver: chrome on WINDOWS (d738d3c6da032203f0316543ed8f0e86)] -> id: price]
07:46:34 [Test worker] INFO  listener.WebEventListener - Clicked on: [[ChromeDriver: chrome on WINDOWS (d738d3c6da032203f0316543ed8f0e86)] -> id: price]
07:46:34 [Test worker] INFO  listener.WebEventListener - Trying to find Element By: By.id: price
07:46:34 [Test worker] INFO  listener.WebEventListener - Found Element By: By.id: price
07:46:34 [Test worker] INFO  listener.WebEventListener - Trying to find Element By: By.id: price
07:46:34 [Test worker] INFO  listener.WebEventListener - Found Element By: By.id: price
07:46:34 [Test worker] INFO  listener.WebEventListener - Trying to find Element By: By.id: distance
07:46:34 [Test worker] INFO  listener.WebEventListener - Found Element By: By.id: distance
07:46:34 [Test worker] INFO  listener.WebEventListener - trying to click on: [[ChromeDriver: chrome on WINDOWS (d738d3c6da032203f0316543ed8f0e86)] -> id: distance]
07:46:34 [Test worker] INFO  listener.WebEventListener - Clicked on: [[ChromeDriver: chrome on WINDOWS (d738d3c6da032203f0316543ed8f0e86)] -> id: distance]
07:46:34 [Test worker] INFO  listener.WebEventListener - Trying to find Element By: By.id: distance
07:46:34 [Test worker] INFO  listener.WebEventListener - Found Element By: By.id: distance
07:46:34 [Test worker] INFO  listener.WebEventListener - Trying to find Element By: By.id: distance
07:46:34 [Test worker] INFO  listener.WebEventListener - Found Element By: By.id: distance
07:46:34 [Test worker] INFO  listener.WebEventListener - Trying to find Element By: By.id: photos
07:46:34 [Test worker] INFO  listener.WebEventListener - Found Element By: By.id: photos
07:46:34 [Test worker] INFO  listener.WebEventListener - Exception occurred: org.openqa.selenium.InvalidArgumentException: invalid argument: File not found : *
  (Session info: chrome=96.0.4664.110)
Build info: version: '3.141.59', revision: 'e82be7d358', time: '2018-11-14T08:17:03'
System info: host: 'DESKTOP-LINCIVQ', ip: '10.0.0.8', os.name: 'Windows 10', os.arch: 'amd64', os.version: '10.0', java.version: '11.0.12'
Driver info: org.openqa.selenium.chrome.ChromeDriver
Capabilities {acceptInsecureCerts: false, browserName: chrome, browserVersion: 96.0.4664.110, chrome: {chromedriverVersion: 96.0.4664.45 (76e4c1bb2ab46..., userDataDir: C:\Users\Slava\AppData\Loca...}, goog:chromeOptions: {debuggerAddress: localhost:61384}, javascriptEnabled: true, networkConnectionEnabled: false, pageLoadStrategy: normal, platform: WINDOWS, platformName: WINDOWS, proxy: Proxy(), setWindowRect: true, strictFileInteractability: false, timeouts: {implicit: 0, pageLoad: 300000, script: 30000}, unhandledPromptBehavior: dismiss and notify, webauthn:extension:credBlob: true, webauthn:extension:largeBlob: true, webauthn:virtualAuthenticators: true}
Session ID: d738d3c6da032203f0316543ed8f0e86
2022_01_09_07-46-34
07:46:34 [Test worker] INFO  listener.WebEventListener - Trying to find Element By: By.xpath: //div[contains(text(),Photo)]
07:46:34 [Test worker] INFO  listener.WebEventListener - Found Element By: By.xpath: //div[contains(text(),Photo)]
]]></system-out>
  <system-err><![CDATA[org.openqa.selenium.InvalidArgumentException: invalid argument: File not found : *
  (Session info: chrome=96.0.4664.110)
Build info: version: '3.141.59', revision: 'e82be7d358', time: '2018-11-14T08:17:03'
System info: host: 'DESKTOP-LINCIVQ', ip: '10.0.0.8', os.name: 'Windows 10', os.arch: 'amd64', os.version: '10.0', java.version: '11.0.12'
Driver info: org.openqa.selenium.chrome.ChromeDriver
Capabilities {acceptInsecureCerts: false, browserName: chrome, browserVersion: 96.0.4664.110, chrome: {chromedriverVersion: 96.0.4664.45 (76e4c1bb2ab46..., userDataDir: C:\Users\Slava\AppData\Loca...}, goog:chromeOptions: {debuggerAddress: localhost:61384}, javascriptEnabled: true, networkConnectionEnabled: false, pageLoadStrategy: normal, platform: WINDOWS, platformName: WINDOWS, proxy: Proxy(), setWindowRect: true, strictFileInteractability: false, timeouts: {implicit: 0, pageLoad: 300000, script: 30000}, unhandledPromptBehavior: dismiss and notify, webauthn:extension:credBlob: true, webauthn:extension:largeBlob: true, webauthn:virtualAuthenticators: true}
Session ID: d738d3c6da032203f0316543ed8f0e86
	at java.base/jdk.internal.reflect.NativeConstructorAccessorImpl.newInstance0(Native Method)
	at java.base/jdk.internal.reflect.NativeConstructorAccessorImpl.newInstance(NativeConstructorAccessorImpl.java:62)
	at java.base/jdk.internal.reflect.DelegatingConstructorAccessorImpl.newInstance(DelegatingConstructorAccessorImpl.java:45)
	at java.base/java.lang.reflect.Constructor.newInstance(Constructor.java:490)
	at org.openqa.selenium.remote.http.W3CHttpResponseCodec.createException(W3CHttpResponseCodec.java:187)
	at org.openqa.selenium.remote.http.W3CHttpResponseCodec.decode(W3CHttpResponseCodec.java:122)
	at org.openqa.selenium.remote.http.W3CHttpResponseCodec.decode(W3CHttpResponseCodec.java:49)
	at org.openqa.selenium.remote.HttpCommandExecutor.execute(HttpCommandExecutor.java:158)
	at org.openqa.selenium.remote.service.DriverCommandExecutor.execute(DriverCommandExecutor.java:83)
	at org.openqa.selenium.remote.RemoteWebDriver.execute(RemoteWebDriver.java:552)
	at org.openqa.selenium.remote.RemoteWebElement.execute(RemoteWebElement.java:285)
	at org.openqa.selenium.remote.RemoteWebElement.sendKeys(RemoteWebElement.java:106)
	at jdk.internal.reflect.GeneratedMethodAccessor10.invoke(Unknown Source)
	at java.base/jdk.internal.reflect.DelegatingMethodAccessorImpl.invoke(DelegatingMethodAccessorImpl.java:43)
	at java.base/java.lang.reflect.Method.invoke(Method.java:566)
	at org.openqa.selenium.support.events.EventFiringWebDriver$EventFiringWebElement.lambda$new$0(EventFiringWebDriver.java:404)
	at com.sun.proxy.$Proxy15.sendKeys(Unknown Source)
	at org.openqa.selenium.support.events.EventFiringWebDriver$EventFiringWebElement.sendKeys(EventFiringWebDriver.java:429)
	at pages.LetTheCarWorkPage.attachPhoto(LetTheCarWorkPage.java:111)
	at pages.LetTheCarWorkPage.addCarRequiredFields(LetTheCarWorkPage.java:64)
	at pages.LetTheCarWorkPage.addCarFailEmptyField(LetTheCarWorkPage.java:74)
	at tests.LetTheCarWorkTest.unsuccessfulAddCarEmptyField(LetTheCarWorkTest.java:33)
	at java.base/jdk.internal.reflect.NativeMethodAccessorImpl.invoke0(Native Method)
	at java.base/jdk.internal.reflect.NativeMethodAccessorImpl.invoke(NativeMethodAccessorImpl.java:62)
	at java.base/jdk.internal.reflect.DelegatingMethodAccessorImpl.invoke(DelegatingMethodAccessorImpl.java:43)
	at java.base/java.lang.reflect.Method.invoke(Method.java:566)
	at org.testng.internal.MethodInvocationHelper.invokeMethod(MethodInvocationHelper.java:134)
	at org.testng.internal.TestInvoker.invokeMethod(TestInvoker.java:597)
	at org.testng.internal.TestInvoker.invokeTestMethod(TestInvoker.java:173)
	at org.testng.internal.MethodRunner.runInSequence(MethodRunner.java:46)
	at org.testng.internal.TestInvoker$MethodInvocationAgent.invoke(TestInvoker.java:816)
	at org.testng.internal.TestInvoker.invokeTestMethods(TestInvoker.java:146)
	at org.testng.internal.TestMethodWorker.invokeTestMethods(TestMethodWorker.java:146)
	at org.testng.internal.TestMethodWorker.run(TestMethodWorker.java:128)
	at java.base/java.util.ArrayList.forEach(ArrayList.java:1541)
	at org.testng.TestRunner.privateRun(TestRunner.java:766)
	at org.testng.TestRunner.run(TestRunner.java:587)
	at org.testng.SuiteRunner.runTest(SuiteRunner.java:384)
	at org.testng.SuiteRunner.runSequentially(SuiteRunner.java:378)
	at org.testng.SuiteRunner.privateRun(SuiteRunner.java:337)
	at org.testng.SuiteRunner.run(SuiteRunner.java:286)
	at org.testng.SuiteRunnerWorker.runSuite(SuiteRunnerWorker.java:53)
	at org.testng.SuiteRunnerWorker.run(SuiteRunnerWorker.java:96)
	at org.testng.TestNG.runSuitesSequentially(TestNG.java:1187)
	at org.testng.TestNG.runSuitesLocally(TestNG.java:1109)
	at org.testng.TestNG.runSuites(TestNG.java:1039)
	at org.testng.TestNG.run(TestNG.java:1007)
	at org.gradle.api.internal.tasks.testing.testng.TestNGTestClassProcessor.runTests(TestNGTestClassProcessor.java:141)
	at org.gradle.api.internal.tasks.testing.testng.TestNGTestClassProcessor.stop(TestNGTestClassProcessor.java:90)
	at org.gradle.api.internal.tasks.testing.SuiteTestClassProcessor.stop(SuiteTestClassProcessor.java:61)
	at java.base/jdk.internal.reflect.NativeMethodAccessorImpl.invoke0(Native Method)
	at java.base/jdk.internal.reflect.NativeMethodAccessorImpl.invoke(NativeMethodAccessorImpl.java:62)
	at java.base/jdk.internal.reflect.DelegatingMethodAccessorImpl.invoke(DelegatingMethodAccessorImpl.java:43)
	at java.base/java.lang.reflect.Method.invoke(Method.java:566)
	at org.gradle.internal.dispatch.ReflectionDispatch.dispatch(ReflectionDispatch.java:36)
	at org.gradle.internal.dispatch.ReflectionDispatch.dispatch(ReflectionDispatch.java:24)
	at org.gradle.internal.dispatch.ContextClassLoaderDispatch.dispatch(ContextClassLoaderDispatch.java:33)
	at org.gradle.internal.dispatch.ProxyDispatchAdapter$DispatchingInvocationHandler.invoke(ProxyDispatchAdapter.java:94)
	at com.sun.proxy.$Proxy2.stop(Unknown Source)
	at org.gradle.api.internal.tasks.testing.worker.TestWorker.stop(TestWorker.java:135)
	at java.base/jdk.internal.reflect.NativeMethodAccessorImpl.invoke0(Native Method)
	at java.base/jdk.internal.reflect.NativeMethodAccessorImpl.invoke(NativeMethodAccessorImpl.java:62)
	at java.base/jdk.internal.reflect.DelegatingMethodAccessorImpl.invoke(DelegatingMethodAccessorImpl.java:43)
	at java.base/java.lang.reflect.Method.invoke(Method.java:566)
	at org.gradle.internal.dispatch.ReflectionDispatch.dispatch(ReflectionDispatch.java:36)
	at org.gradle.internal.dispatch.ReflectionDispatch.dispatch(ReflectionDispatch.java:24)
	at org.gradle.internal.remote.internal.hub.MessageHubBackedObjectConnection$DispatchWrapper.dispatch(MessageHubBackedObjectConnection.java:182)
	at org.gradle.internal.remote.internal.hub.MessageHubBackedObjectConnection$DispatchWrapper.dispatch(MessageHubBackedObjectConnection.java:164)
	at org.gradle.internal.remote.internal.hub.MessageHub$Handler.run(MessageHub.java:414)
	at org.gradle.internal.concurrent.ExecutorPolicy$CatchAndRecordFailures.onExecute(ExecutorPolicy.java:64)
	at org.gradle.internal.concurrent.ManagedExecutorImpl$1.run(ManagedExecutorImpl.java:48)
	at java.base/java.util.concurrent.ThreadPoolExecutor.runWorker(ThreadPoolExecutor.java:1128)
	at java.base/java.util.concurrent.ThreadPoolExecutor$Worker.run(ThreadPoolExecutor.java:628)
	at org.gradle.internal.concurrent.ThreadFactoryImpl$ManagedThreadRunnable.run(ThreadFactoryImpl.java:56)
	at java.base/java.lang.Thread.run(Thread.java:834)
]]></system-err>
</testsuite>
